2024-07-13 18:40:43,609 - Command: dfx identity use player10
2024-07-13 18:40:43,661 - Command: dfx identity get-principal
2024-07-13 18:40:43,662 - Output: jk4at-pt2hi-weyq6-xgshn-7ofm2-fag6z-7npgt-pfbwf-iomah-voxgc-oqe
2024-07-13 18:40:43,673 - Command: dfx identity use player4
2024-07-13 18:40:43,697 - Command: dfx identity get-principal
2024-07-13 18:40:43,697 - Output: pjcea-ebuwa-e2hhf-ec7dd-k7rgw-o6ikl-xhsdh-xkpio-5dyk7-m4w5c-tae
2024-07-13 18:40:43,703 - Command: dfx identity use player9
2024-07-13 18:40:43,719 - Command: dfx identity get-principal
2024-07-13 18:40:43,719 - Output: vprmx-skch2-lpter-zjlzm-yymzl-6t7yu-yqokk-3khkx-73gzz-pi57f-cqe
2024-07-13 18:40:43,725 - Command: dfx identity use player7
2024-07-13 18:40:43,741 - Command: dfx identity get-principal
2024-07-13 18:40:43,741 - Output: u27n5-2c5ef-ackpa-jyrs5-yyzkp-dukw4-p2ma5-4rmb7-a7tv6-rw42b-sqe
2024-07-13 18:40:43,747 - Command: dfx identity use player1
2024-07-13 18:40:43,764 - Command: dfx identity get-principal
2024-07-13 18:40:43,764 - Output: mn5iu-4ncje-ws6p5-ztjz4-7j7a3-xdkvf-hqzz7-qogk7-62pp5-7s3rl-vqe
2024-07-13 18:40:43,770 - Command: dfx identity use player2
2024-07-13 18:40:43,787 - Command: dfx identity get-principal
2024-07-13 18:40:43,787 - Output: 6pj2j-ccuip-744eo-4odjh-rhyeb-i3ctv-xc3ru-vkkfa-fjubh-33olq-qae
2024-07-13 18:40:43,793 - Command: dfx identity use player5
2024-07-13 18:40:43,810 - Command: dfx identity get-principal
2024-07-13 18:40:43,810 - Output: xgukz-lyqa2-uaq4b-bhkvz-5e3fs-3bx6o-af2py-fim3c-djc44-yhhzc-4ae
2024-07-13 18:40:43,815 - Command: dfx identity use player6
2024-07-13 18:40:43,833 - Command: dfx identity get-principal
2024-07-13 18:40:43,833 - Output: yumhx-xrmg4-ceupy-3ijpv-uzmxj-ghdfx-j6e6d-3532g-x2mzx-ofwrh-4qe
2024-07-13 18:40:43,838 - Command: dfx identity use player3
2024-07-13 18:40:43,856 - Command: dfx identity get-principal
2024-07-13 18:40:43,856 - Output: udu2i-qpmth-clt4p-cql4d-y2hi6-fci2t-kadbj-5io6q-pt6ny-d6hye-kqe
2024-07-13 18:40:43,861 - Command: dfx identity use player8
2024-07-13 18:40:43,878 - Command: dfx identity get-principal
2024-07-13 18:40:43,878 - Output: u5clb-edy3l-xi7wd-6l2jq-xk5bp-2t4eh-3hut6-r5svq-6qqoc-d4npk-mae
2024-07-13 18:40:43,878 - player10 starts searching for a match
2024-07-13 18:40:43,883 - Command: dfx identity use player10
2024-07-13 18:40:45,929 - Command: dfx canister call cosmicrafts getMatchSearching '{"userAvatar": 1, "listSavedKeys": []}'
2024-07-13 18:40:45,929 - Output: (variant { Assigned }, 2 : nat, "Lobby created")
2024-07-13 18:40:45,929 - player10 search result: (variant { Assigned }, 2 : nat, "Lobby created")
2024-07-13 18:40:45,942 - Command: dfx identity use player10
2024-07-13 18:40:47,687 - Command: dfx canister call cosmicrafts setPlayerActive
2024-07-13 18:40:47,687 - Output: (true)
2024-07-13 18:40:47,687 - player10 active result: (true)
2024-07-13 18:40:47,687 - player4 starts searching for a match
2024-07-13 18:40:47,711 - Command: dfx identity use player4
2024-07-13 18:40:49,388 - Command: dfx canister call cosmicrafts getMatchSearching '{"userAvatar": 1, "listSavedKeys": []}'
2024-07-13 18:40:49,389 - Output: (variant { Assigned }, 2 : nat, "Game found")
2024-07-13 18:40:49,389 - player4 search result: (variant { Assigned }, 2 : nat, "Game found")
2024-07-13 18:40:49,415 - Command: dfx identity use player4
2024-07-13 18:40:50,840 - Command: dfx canister call cosmicrafts setPlayerActive
2024-07-13 18:40:50,841 - Output: (false)
2024-07-13 18:40:50,841 - player4 active result: (false)
2024-07-13 18:40:50,867 - Command: dfx identity use player10
2024-07-13 18:40:50,905 - Command: dfx canister call cosmicrafts isGameMatched
2024-07-13 18:40:50,905 - Output: (true, "Game matched")
2024-07-13 18:40:50,911 - Command: dfx identity use player4
2024-07-13 18:40:50,937 - Command: dfx canister call cosmicrafts isGameMatched
2024-07-13 18:40:50,937 - Output: (true, "Game matched")
2024-07-13 18:40:50,937 - Is game matched result for player10: (true, "Game matched")
2024-07-13 18:40:50,937 - Is game matched result for player4: (true, "Game matched")
2024-07-13 18:40:50,937 - Match found! Ending search.
2024-07-13 18:40:50,937 - Sending statistics for match ID: 2 for player10
2024-07-13 18:40:50,943 - Command: dfx identity use player10
2024-07-13 18:40:50,943 - Constructed command: dfx canister call cosmicrafts saveFinishedGame '(2, record {botDifficulty = 1; botMode = 5; characterID = "character5"; damageCritic = 4051.643712927051; damageDealt = 24355.870698151954; damageEvaded = 8882.19632226803; damageTaken = 23918.82915552699; deploys = 183.0997283619109; energyChargeRate = 77.37373498371849; energyGenerated = 109.0; energyUsed = 107.56008044293002; energyWasted = 106.12771686425678; faction = 4; gameMode = 2; kills = 45.341737169053935; secRemaining = 221.0; wonGame = false; xpEarned = 24995.514872421525; })'
2024-07-13 18:40:52,670 - Command failed: dfx canister call cosmicrafts saveFinishedGame '(2, record {botDifficulty = 1; botMode = 5; characterID = "character5"; damageCritic = 4051.643712927051; damageDealt = 24355.870698151954; damageEvaded = 8882.19632226803; damageTaken = 23918.82915552699; deploys = 183.0997283619109; energyChargeRate = 77.37373498371849; energyGenerated = 109.0; energyUsed = 107.56008044293002; energyWasted = 106.12771686425678; faction = 4; gameMode = 2; kills = 45.341737169053935; secRemaining = 221.0; wonGame = false; xpEarned = 24995.514872421525; })'
[31mError: (B[mFailed update call.
[33mCaused by: (B[mThe replica returned a rejection error: reject code CanisterReject, reject message IC0503: Error from Canister ajuq4-ruaaa-aaaaa-qaaga-cai: Canister trapped explicitly: assertion failed at main.mo:551.5-551.77, error code None
2024-07-13 18:40:52,670 - Error saving statistics for player10 in match 2: Command failed: dfx canister call cosmicrafts saveFinishedGame '(2, record {botDifficulty = 1; botMode = 5; characterID = "character5"; damageCritic = 4051.643712927051; damageDealt = 24355.870698151954; damageEvaded = 8882.19632226803; damageTaken = 23918.82915552699; deploys = 183.0997283619109; energyChargeRate = 77.37373498371849; energyGenerated = 109.0; energyUsed = 107.56008044293002; energyWasted = 106.12771686425678; faction = 4; gameMode = 2; kills = 45.341737169053935; secRemaining = 221.0; wonGame = false; xpEarned = 24995.514872421525; })'
[31mError: (B[mFailed update call.
[33mCaused by: (B[mThe replica returned a rejection error: reject code CanisterReject, reject message IC0503: Error from Canister ajuq4-ruaaa-aaaaa-qaaga-cai: Canister trapped explicitly: assertion failed at main.mo:551.5-551.77, error code None
2024-07-13 18:43:11,580 - Command: dfx identity use player10
2024-07-13 18:43:11,597 - Command: dfx identity get-principal
2024-07-13 18:43:11,597 - Output: jk4at-pt2hi-weyq6-xgshn-7ofm2-fag6z-7npgt-pfbwf-iomah-voxgc-oqe
2024-07-13 18:43:11,603 - Command: dfx identity use player2
2024-07-13 18:43:11,620 - Command: dfx identity get-principal
2024-07-13 18:43:11,620 - Output: 6pj2j-ccuip-744eo-4odjh-rhyeb-i3ctv-xc3ru-vkkfa-fjubh-33olq-qae
2024-07-13 18:43:11,625 - Command: dfx identity use player3
2024-07-13 18:43:11,642 - Command: dfx identity get-principal
2024-07-13 18:43:11,642 - Output: udu2i-qpmth-clt4p-cql4d-y2hi6-fci2t-kadbj-5io6q-pt6ny-d6hye-kqe
2024-07-13 18:43:11,648 - Command: dfx identity use player1
2024-07-13 18:43:11,664 - Command: dfx identity get-principal
2024-07-13 18:43:11,664 - Output: mn5iu-4ncje-ws6p5-ztjz4-7j7a3-xdkvf-hqzz7-qogk7-62pp5-7s3rl-vqe
2024-07-13 18:43:11,669 - Command: dfx identity use player8
2024-07-13 18:43:11,685 - Command: dfx identity get-principal
2024-07-13 18:43:11,685 - Output: u5clb-edy3l-xi7wd-6l2jq-xk5bp-2t4eh-3hut6-r5svq-6qqoc-d4npk-mae
2024-07-13 18:43:11,691 - Command: dfx identity use player7
2024-07-13 18:43:11,706 - Command: dfx identity get-principal
2024-07-13 18:43:11,706 - Output: u27n5-2c5ef-ackpa-jyrs5-yyzkp-dukw4-p2ma5-4rmb7-a7tv6-rw42b-sqe
2024-07-13 18:43:11,712 - Command: dfx identity use player5
2024-07-13 18:43:11,727 - Command: dfx identity get-principal
2024-07-13 18:43:11,727 - Output: xgukz-lyqa2-uaq4b-bhkvz-5e3fs-3bx6o-af2py-fim3c-djc44-yhhzc-4ae
2024-07-13 18:43:11,733 - Command: dfx identity use player6
2024-07-13 18:43:11,748 - Command: dfx identity get-principal
2024-07-13 18:43:11,748 - Output: yumhx-xrmg4-ceupy-3ijpv-uzmxj-ghdfx-j6e6d-3532g-x2mzx-ofwrh-4qe
2024-07-13 18:43:11,754 - Command: dfx identity use player9
2024-07-13 18:43:11,770 - Command: dfx identity get-principal
2024-07-13 18:43:11,770 - Output: vprmx-skch2-lpter-zjlzm-yymzl-6t7yu-yqokk-3khkx-73gzz-pi57f-cqe
2024-07-13 18:43:11,776 - Command: dfx identity use player4
2024-07-13 18:43:11,791 - Command: dfx identity get-principal
2024-07-13 18:43:11,791 - Output: pjcea-ebuwa-e2hhf-ec7dd-k7rgw-o6ikl-xhsdh-xkpio-5dyk7-m4w5c-tae
2024-07-13 18:43:11,791 - player10 starts searching for a match
2024-07-13 18:43:11,797 - Command: dfx identity use player10
2024-07-13 18:43:13,252 - Command: dfx canister call cosmicrafts getMatchSearching '{"userAvatar": 1, "listSavedKeys": []}'
2024-07-13 18:43:13,252 - Output: (variant { Assigned }, 3 : nat, "Lobby created")
2024-07-13 18:43:13,252 - player10 search result: (variant { Assigned }, 3 : nat, "Lobby created")
2024-07-13 18:43:13,283 - Command: dfx identity use player10
2024-07-13 18:43:15,257 - Command: dfx canister call cosmicrafts setPlayerActive
2024-07-13 18:43:15,257 - Output: (true)
2024-07-13 18:43:15,257 - player10 active result: (true)
2024-07-13 18:43:15,257 - player2 starts searching for a match
2024-07-13 18:43:15,282 - Command: dfx identity use player2
2024-07-13 18:43:17,520 - Command: dfx canister call cosmicrafts getMatchSearching '{"userAvatar": 1, "listSavedKeys": []}'
2024-07-13 18:43:17,520 - Output: (variant { Assigned }, 3 : nat, "Game found")
2024-07-13 18:43:17,520 - player2 search result: (variant { Assigned }, 3 : nat, "Game found")
2024-07-13 18:43:17,534 - Command: dfx identity use player2
2024-07-13 18:43:19,112 - Command: dfx canister call cosmicrafts setPlayerActive
2024-07-13 18:43:19,113 - Output: (false)
2024-07-13 18:43:19,113 - player2 active result: (false)
2024-07-13 18:43:19,119 - Command: dfx identity use player10
2024-07-13 18:43:19,146 - Command: dfx canister call cosmicrafts isGameMatched
2024-07-13 18:43:19,146 - Output: (true, "Game matched")
2024-07-13 18:43:19,152 - Command: dfx identity use player2
2024-07-13 18:43:19,182 - Command: dfx canister call cosmicrafts isGameMatched
2024-07-13 18:43:19,182 - Output: (true, "Game matched")
2024-07-13 18:43:19,182 - Is game matched result for player10: (true, "Game matched")
2024-07-13 18:43:19,183 - Is game matched result for player2: (true, "Game matched")
2024-07-13 18:43:19,183 - Match found! Ending search.
2024-07-13 18:43:19,183 - Sending statistics for match ID: 3 for player10
2024-07-13 18:43:19,189 - Command: dfx identity use player10
2024-07-13 18:43:19,189 - Constructed command: dfx canister call cosmicrafts saveFinishedGame '(3, record {botDifficulty = 1; botMode = 4; characterID = "character8"; damageCritic = 9582.682835388445; damageDealt = 23819.352969732536; damageEvaded = 16407.75949866588; damageTaken = 7187.407141489738; deploys = 155.58893009685227; energyChargeRate = 197.7073793124116; energyGenerated = 161.0; energyUsed = 133.2163767626512; energyWasted = 165.03987241567566; faction = 1; gameMode = 3; kills = 184.45736280404296; secRemaining = 264.0; wonGame = true; xpEarned = 15044.81176929287; })'
2024-07-13 18:43:20,914 - Command: dfx canister call cosmicrafts saveFinishedGame '(3, record {botDifficulty = 1; botMode = 4; characterID = "character8"; damageCritic = 9582.682835388445; damageDealt = 23819.352969732536; damageEvaded = 16407.75949866588; damageTaken = 7187.407141489738; deploys = 155.58893009685227; energyChargeRate = 197.7073793124116; energyGenerated = 161.0; energyUsed = 133.2163767626512; energyWasted = 165.03987241567566; faction = 1; gameMode = 3; kills = 184.45736280404296; secRemaining = 264.0; wonGame = true; xpEarned = 15044.81176929287; })'
2024-07-13 18:43:20,914 - Output: (true, "Game saved")
2024-07-13 18:43:20,914 - Sending statistics for match ID: 3 for player2
2024-07-13 18:43:20,921 - Command: dfx identity use player2
2024-07-13 18:43:20,921 - Constructed command: dfx canister call cosmicrafts saveFinishedGame '(3, record {botDifficulty = 5; botMode = 3; characterID = "character4"; damageCritic = 14767.226043452767; damageDealt = 6668.337475137168; damageEvaded = 7420.296068284355; damageTaken = 22264.503015440976; deploys = 203.87067036497572; energyChargeRate = 189.33560122899098; energyGenerated = 161.0; energyUsed = 123.90252529464776; energyWasted = 104.95810110211556; faction = 0; gameMode = 2; kills = 26.704037181518288; secRemaining = 264.0; wonGame = true; xpEarned = 9820.17877295183; })'
2024-07-13 18:43:22,390 - Command: dfx canister call cosmicrafts saveFinishedGame '(3, record {botDifficulty = 5; botMode = 3; characterID = "character4"; damageCritic = 14767.226043452767; damageDealt = 6668.337475137168; damageEvaded = 7420.296068284355; damageTaken = 22264.503015440976; deploys = 203.87067036497572; energyChargeRate = 189.33560122899098; energyGenerated = 161.0; energyUsed = 123.90252529464776; energyWasted = 104.95810110211556; faction = 0; gameMode = 2; kills = 26.704037181518288; secRemaining = 264.0; wonGame = true; xpEarned = 9820.17877295183; })'
2024-07-13 18:43:22,390 - Output: (true, "NO REWARDS FOUND FOR THIS USER - Game saved")
2024-07-13 18:43:22,390 - player3 starts searching for a match
2024-07-13 18:43:22,418 - Command: dfx identity use player3
2024-07-13 18:43:24,080 - Command: dfx canister call cosmicrafts getMatchSearching '{"userAvatar": 1, "listSavedKeys": []}'
2024-07-13 18:43:24,080 - Output: (variant { Assigned }, 4 : nat, "Lobby created")
2024-07-13 18:43:24,080 - player3 search result: (variant { Assigned }, 4 : nat, "Lobby created")
2024-07-13 18:43:24,091 - Command: dfx identity use player3
2024-07-13 18:43:25,215 - Command: dfx canister call cosmicrafts setPlayerActive
2024-07-13 18:43:25,215 - Output: (true)
2024-07-13 18:43:25,215 - player3 active result: (true)
2024-07-13 18:43:25,215 - player1 starts searching for a match
2024-07-13 18:43:25,241 - Command: dfx identity use player1
2024-07-13 18:43:27,538 - Command: dfx canister call cosmicrafts getMatchSearching '{"userAvatar": 1, "listSavedKeys": []}'
2024-07-13 18:43:27,538 - Output: (variant { Assigned }, 4 : nat, "Game found")
2024-07-13 18:43:27,539 - player1 search result: (variant { Assigned }, 4 : nat, "Game found")
2024-07-13 18:43:27,557 - Command: dfx identity use player1
2024-07-13 18:43:30,094 - Command: dfx canister call cosmicrafts setPlayerActive
2024-07-13 18:43:30,094 - Output: (false)
2024-07-13 18:43:30,095 - player1 active result: (false)
2024-07-13 18:43:30,113 - Command: dfx identity use player3
2024-07-13 18:43:30,147 - Command: dfx canister call cosmicrafts isGameMatched
2024-07-13 18:43:30,147 - Output: (true, "Game matched")
2024-07-13 18:43:30,154 - Command: dfx identity use player1
2024-07-13 18:43:30,187 - Command: dfx canister call cosmicrafts isGameMatched
2024-07-13 18:43:30,187 - Output: (true, "Game matched")
2024-07-13 18:43:30,187 - Is game matched result for player3: (true, "Game matched")
2024-07-13 18:43:30,187 - Is game matched result for player1: (true, "Game matched")
2024-07-13 18:43:30,187 - Match found! Ending search.
2024-07-13 18:43:30,187 - Sending statistics for match ID: 4 for player3
2024-07-13 18:43:30,194 - Command: dfx identity use player3
2024-07-13 18:43:30,194 - Constructed command: dfx canister call cosmicrafts saveFinishedGame '(4, record {botDifficulty = 4; botMode = 0; characterID = "character7"; damageCritic = 4808.534218315162; damageDealt = 7378.965277307596; damageEvaded = 12120.35515680859; damageTaken = 13566.338994262309; deploys = 193.95800318609943; energyChargeRate = 96.04049902455432; energyGenerated = 51.0; energyUsed = 37.90867790447855; energyWasted = 188.93828770835478; faction = 4; gameMode = 4; kills = 23.49621255957331; secRemaining = 278.0; wonGame = true; xpEarned = 12555.239416390123; })'
2024-07-13 18:43:31,904 - Command: dfx canister call cosmicrafts saveFinishedGame '(4, record {botDifficulty = 4; botMode = 0; characterID = "character7"; damageCritic = 4808.534218315162; damageDealt = 7378.965277307596; damageEvaded = 12120.35515680859; damageTaken = 13566.338994262309; deploys = 193.95800318609943; energyChargeRate = 96.04049902455432; energyGenerated = 51.0; energyUsed = 37.90867790447855; energyWasted = 188.93828770835478; faction = 4; gameMode = 4; kills = 23.49621255957331; secRemaining = 278.0; wonGame = true; xpEarned = 12555.239416390123; })'
2024-07-13 18:43:31,904 - Output: (true, "Game saved")
2024-07-13 18:43:31,904 - Sending statistics for match ID: 4 for player1
2024-07-13 18:43:31,931 - Command: dfx identity use player1
2024-07-13 18:43:31,931 - Constructed command: dfx canister call cosmicrafts saveFinishedGame '(4, record {botDifficulty = 0; botMode = 1; characterID = "character1"; damageCritic = 18349.62728037272; damageDealt = 5391.157605500621; damageEvaded = 5210.860627375866; damageTaken = 9035.196470837938; deploys = 198.8906192111989; energyChargeRate = 44.36365341872823; energyGenerated = 51.0; energyUsed = 161.315007794675; energyWasted = 135.39396735809385; faction = 2; gameMode = 0; kills = 86.91970431914308; secRemaining = 278.0; wonGame = true; xpEarned = 23539.822057675337; })'
2024-07-13 18:43:33,842 - Command: dfx canister call cosmicrafts saveFinishedGame '(4, record {botDifficulty = 0; botMode = 1; characterID = "character1"; damageCritic = 18349.62728037272; damageDealt = 5391.157605500621; damageEvaded = 5210.860627375866; damageTaken = 9035.196470837938; deploys = 198.8906192111989; energyChargeRate = 44.36365341872823; energyGenerated = 51.0; energyUsed = 161.315007794675; energyWasted = 135.39396735809385; faction = 2; gameMode = 0; kills = 86.91970431914308; secRemaining = 278.0; wonGame = true; xpEarned = 23539.822057675337; })'
2024-07-13 18:43:33,842 - Output: (true, "NO REWARDS FOUND FOR THIS USER - Game saved")
2024-07-13 18:43:33,842 - player8 starts searching for a match
2024-07-13 18:43:33,870 - Command: dfx identity use player8
2024-07-13 18:43:35,258 - Command: dfx canister call cosmicrafts getMatchSearching '{"userAvatar": 1, "listSavedKeys": []}'
2024-07-13 18:43:35,259 - Output: (variant { Assigned }, 5 : nat, "Lobby created")
2024-07-13 18:43:35,259 - player8 search result: (variant { Assigned }, 5 : nat, "Lobby created")
2024-07-13 18:43:35,286 - Command: dfx identity use player8
2024-07-13 18:43:36,718 - Command: dfx canister call cosmicrafts setPlayerActive
2024-07-13 18:43:36,719 - Output: (true)
2024-07-13 18:43:36,719 - player8 active result: (true)
2024-07-13 18:43:36,719 - player7 starts searching for a match
2024-07-13 18:43:36,739 - Command: dfx identity use player7
2024-07-13 18:43:38,936 - Command: dfx canister call cosmicrafts getMatchSearching '{"userAvatar": 1, "listSavedKeys": []}'
2024-07-13 18:43:38,936 - Output: (variant { Assigned }, 5 : nat, "Game found")
2024-07-13 18:43:38,936 - player7 search result: (variant { Assigned }, 5 : nat, "Game found")
2024-07-13 18:43:38,947 - Command: dfx identity use player7
2024-07-13 18:43:40,754 - Command: dfx canister call cosmicrafts setPlayerActive
2024-07-13 18:43:40,755 - Output: (false)
2024-07-13 18:43:40,755 - player7 active result: (false)
2024-07-13 18:43:40,774 - Command: dfx identity use player8
2024-07-13 18:43:40,811 - Command: dfx canister call cosmicrafts isGameMatched
2024-07-13 18:43:40,811 - Output: (true, "Game matched")
2024-07-13 18:43:40,818 - Command: dfx identity use player7
2024-07-13 18:43:40,848 - Command: dfx canister call cosmicrafts isGameMatched
2024-07-13 18:43:40,848 - Output: (true, "Game matched")
2024-07-13 18:43:40,848 - Is game matched result for player8: (true, "Game matched")
2024-07-13 18:43:40,848 - Is game matched result for player7: (true, "Game matched")
2024-07-13 18:43:40,848 - Match found! Ending search.
2024-07-13 18:43:40,848 - Sending statistics for match ID: 5 for player8
2024-07-13 18:43:40,853 - Command: dfx identity use player8
2024-07-13 18:43:40,854 - Constructed command: dfx canister call cosmicrafts saveFinishedGame '(5, record {botDifficulty = 0; botMode = 5; characterID = "character7"; damageCritic = 6049.430931912974; damageDealt = 19576.45309604312; damageEvaded = 22633.099160479716; damageTaken = 18832.995836361573; deploys = 44.02903601126371; energyChargeRate = 100.26760642670287; energyGenerated = 133.0; energyUsed = 49.73175326112077; energyWasted = 55.542355608463495; faction = 4; gameMode = 3; kills = 25.927533679955665; secRemaining = 142.0; wonGame = true; xpEarned = 1726.5411431171192; })'
2024-07-13 18:43:42,239 - Command: dfx canister call cosmicrafts saveFinishedGame '(5, record {botDifficulty = 0; botMode = 5; characterID = "character7"; damageCritic = 6049.430931912974; damageDealt = 19576.45309604312; damageEvaded = 22633.099160479716; damageTaken = 18832.995836361573; deploys = 44.02903601126371; energyChargeRate = 100.26760642670287; energyGenerated = 133.0; energyUsed = 49.73175326112077; energyWasted = 55.542355608463495; faction = 4; gameMode = 3; kills = 25.927533679955665; secRemaining = 142.0; wonGame = true; xpEarned = 1726.5411431171192; })'
2024-07-13 18:43:42,239 - Output: (true, "Game saved")
2024-07-13 18:43:42,240 - Sending statistics for match ID: 5 for player7
2024-07-13 18:43:42,267 - Command: dfx identity use player7
2024-07-13 18:43:42,267 - Constructed command: dfx canister call cosmicrafts saveFinishedGame '(5, record {botDifficulty = 5; botMode = 1; characterID = "character10"; damageCritic = 20122.3384874823; damageDealt = 6276.727108322077; damageEvaded = 5209.024711561343; damageTaken = 12391.512294878088; deploys = 29.39032942103577; energyChargeRate = 100.90867355517; energyGenerated = 133.0; energyUsed = 108.5259093005976; energyWasted = 162.68494731434816; faction = 5; gameMode = 2; kills = 40.15544139847702; secRemaining = 142.0; wonGame = true; xpEarned = 21142.907958122152; })'
2024-07-13 18:43:43,585 - Command: dfx canister call cosmicrafts saveFinishedGame '(5, record {botDifficulty = 5; botMode = 1; characterID = "character10"; damageCritic = 20122.3384874823; damageDealt = 6276.727108322077; damageEvaded = 5209.024711561343; damageTaken = 12391.512294878088; deploys = 29.39032942103577; energyChargeRate = 100.90867355517; energyGenerated = 133.0; energyUsed = 108.5259093005976; energyWasted = 162.68494731434816; faction = 5; gameMode = 2; kills = 40.15544139847702; secRemaining = 142.0; wonGame = true; xpEarned = 21142.907958122152; })'
2024-07-13 18:43:43,585 - Output: (true, "NO REWARDS FOUND FOR THIS USER - Game saved")
2024-07-13 18:43:43,585 - player5 starts searching for a match
2024-07-13 18:43:43,593 - Command: dfx identity use player5
2024-07-13 18:43:45,425 - Command: dfx canister call cosmicrafts getMatchSearching '{"userAvatar": 1, "listSavedKeys": []}'
2024-07-13 18:43:45,425 - Output: (variant { Assigned }, 6 : nat, "Lobby created")
2024-07-13 18:43:45,425 - player5 search result: (variant { Assigned }, 6 : nat, "Lobby created")
2024-07-13 18:43:45,443 - Command: dfx identity use player5
2024-07-13 18:43:46,812 - Command: dfx canister call cosmicrafts setPlayerActive
2024-07-13 18:43:46,812 - Output: (true)
2024-07-13 18:43:46,812 - player5 active result: (true)
2024-07-13 18:43:46,812 - player6 starts searching for a match
2024-07-13 18:43:46,826 - Command: dfx identity use player6
2024-07-13 18:43:48,569 - Command: dfx canister call cosmicrafts getMatchSearching '{"userAvatar": 1, "listSavedKeys": []}'
2024-07-13 18:43:48,569 - Output: (variant { Assigned }, 6 : nat, "Game found")
2024-07-13 18:43:48,569 - player6 search result: (variant { Assigned }, 6 : nat, "Game found")
2024-07-13 18:43:48,577 - Command: dfx identity use player6
2024-07-13 18:43:50,148 - Command: dfx canister call cosmicrafts setPlayerActive
2024-07-13 18:43:50,149 - Output: (false)
2024-07-13 18:43:50,149 - player6 active result: (false)
2024-07-13 18:43:50,175 - Command: dfx identity use player5
2024-07-13 18:43:50,238 - Command: dfx canister call cosmicrafts isGameMatched
2024-07-13 18:43:50,238 - Output: (true, "Game matched")
2024-07-13 18:43:50,251 - Command: dfx identity use player6
2024-07-13 18:43:50,293 - Command: dfx canister call cosmicrafts isGameMatched
2024-07-13 18:43:50,293 - Output: (true, "Game matched")
2024-07-13 18:43:50,293 - Is game matched result for player5: (true, "Game matched")
2024-07-13 18:43:50,293 - Is game matched result for player6: (true, "Game matched")
2024-07-13 18:43:50,293 - Match found! Ending search.
2024-07-13 18:43:50,293 - Sending statistics for match ID: 6 for player5
2024-07-13 18:43:50,301 - Command: dfx identity use player5
2024-07-13 18:43:50,301 - Constructed command: dfx canister call cosmicrafts saveFinishedGame '(6, record {botDifficulty = 4; botMode = 3; characterID = "character7"; damageCritic = 16948.377816778288; damageDealt = 6564.948233375668; damageEvaded = 2694.8864932550005; damageTaken = 10341.242848932323; deploys = 18.476774384113163; energyChargeRate = 106.63184671939479; energyGenerated = 133.0; energyUsed = 169.28860377729032; energyWasted = 70.33529440918241; faction = 5; gameMode = 3; kills = 216.96071774821863; secRemaining = 292.0; wonGame = true; xpEarned = 14094.486748738442; })'
2024-07-13 18:43:52,059 - Command: dfx canister call cosmicrafts saveFinishedGame '(6, record {botDifficulty = 4; botMode = 3; characterID = "character7"; damageCritic = 16948.377816778288; damageDealt = 6564.948233375668; damageEvaded = 2694.8864932550005; damageTaken = 10341.242848932323; deploys = 18.476774384113163; energyChargeRate = 106.63184671939479; energyGenerated = 133.0; energyUsed = 169.28860377729032; energyWasted = 70.33529440918241; faction = 5; gameMode = 3; kills = 216.96071774821863; secRemaining = 292.0; wonGame = true; xpEarned = 14094.486748738442; })'
2024-07-13 18:43:52,059 - Output: (true, "Game saved")
2024-07-13 18:43:52,059 - Sending statistics for match ID: 6 for player6
2024-07-13 18:43:52,082 - Command: dfx identity use player6
2024-07-13 18:43:52,082 - Constructed command: dfx canister call cosmicrafts saveFinishedGame '(6, record {botDifficulty = 3; botMode = 0; characterID = "character10"; damageCritic = 2589.1021569595896; damageDealt = 6668.9861971588825; damageEvaded = 6961.474276363542; damageTaken = 13824.16777382368; deploys = 71.59705733798101; energyChargeRate = 128.4127631691105; energyGenerated = 133.0; energyUsed = 178.2037835468547; energyWasted = 90.26010198248045; faction = 0; gameMode = 1; kills = 177.33877263514287; secRemaining = 292.0; wonGame = true; xpEarned = 8752.04369274844; })'
2024-07-13 18:43:54,521 - Command: dfx canister call cosmicrafts saveFinishedGame '(6, record {botDifficulty = 3; botMode = 0; characterID = "character10"; damageCritic = 2589.1021569595896; damageDealt = 6668.9861971588825; damageEvaded = 6961.474276363542; damageTaken = 13824.16777382368; deploys = 71.59705733798101; energyChargeRate = 128.4127631691105; energyGenerated = 133.0; energyUsed = 178.2037835468547; energyWasted = 90.26010198248045; faction = 0; gameMode = 1; kills = 177.33877263514287; secRemaining = 292.0; wonGame = true; xpEarned = 8752.04369274844; })'
2024-07-13 18:43:54,521 - Output: (true, "NO REWARDS FOUND FOR THIS USER - Game saved")
2024-07-13 18:43:54,521 - player9 starts searching for a match
2024-07-13 18:43:54,532 - Command: dfx identity use player9
2024-07-13 18:43:56,571 - Command: dfx canister call cosmicrafts getMatchSearching '{"userAvatar": 1, "listSavedKeys": []}'
2024-07-13 18:43:56,572 - Output: (variant { Assigned }, 7 : nat, "Lobby created")
2024-07-13 18:43:56,572 - player9 search result: (variant { Assigned }, 7 : nat, "Lobby created")
2024-07-13 18:43:56,580 - Command: dfx identity use player9
2024-07-13 18:43:59,112 - Command: dfx canister call cosmicrafts setPlayerActive
2024-07-13 18:43:59,113 - Output: (true)
2024-07-13 18:43:59,113 - player9 active result: (true)
2024-07-13 18:43:59,113 - player4 starts searching for a match
2024-07-13 18:43:59,136 - Command: dfx identity use player4
2024-07-13 18:44:00,970 - Command: dfx canister call cosmicrafts getMatchSearching '{"userAvatar": 1, "listSavedKeys": []}'
2024-07-13 18:44:00,970 - Output: (variant { Assigned }, 7 : nat, "Game found")
2024-07-13 18:44:00,970 - player4 search result: (variant { Assigned }, 7 : nat, "Game found")
2024-07-13 18:44:00,977 - Command: dfx identity use player4
2024-07-13 18:44:03,019 - Command: dfx canister call cosmicrafts setPlayerActive
2024-07-13 18:44:03,019 - Output: (false)
2024-07-13 18:44:03,019 - player4 active result: (false)
2024-07-13 18:44:03,027 - Command: dfx identity use player9
2024-07-13 18:44:03,059 - Command: dfx canister call cosmicrafts isGameMatched
2024-07-13 18:44:03,059 - Output: (true, "Game matched")
2024-07-13 18:44:03,064 - Command: dfx identity use player4
2024-07-13 18:44:03,089 - Command: dfx canister call cosmicrafts isGameMatched
2024-07-13 18:44:03,089 - Output: (true, "Game matched")
2024-07-13 18:44:03,089 - Is game matched result for player9: (true, "Game matched")
2024-07-13 18:44:03,089 - Is game matched result for player4: (true, "Game matched")
2024-07-13 18:44:03,090 - Match found! Ending search.
2024-07-13 18:44:03,090 - Sending statistics for match ID: 7 for player9
2024-07-13 18:44:03,096 - Command: dfx identity use player9
2024-07-13 18:44:03,096 - Constructed command: dfx canister call cosmicrafts saveFinishedGame '(7, record {botDifficulty = 4; botMode = 3; characterID = "character1"; damageCritic = 16131.738257135139; damageDealt = 3764.628313627915; damageEvaded = 4611.693434884035; damageTaken = 8428.857699876782; deploys = 16.428706700659397; energyChargeRate = 104.99568933882755; energyGenerated = 55.0; energyUsed = 107.35644048889152; energyWasted = 98.05329532724548; faction = 5; gameMode = 0; kills = 185.72737080309963; secRemaining = 81.0; wonGame = true; xpEarned = 15799.59500054958; })'
2024-07-13 18:44:05,466 - Command: dfx canister call cosmicrafts saveFinishedGame '(7, record {botDifficulty = 4; botMode = 3; characterID = "character1"; damageCritic = 16131.738257135139; damageDealt = 3764.628313627915; damageEvaded = 4611.693434884035; damageTaken = 8428.857699876782; deploys = 16.428706700659397; energyChargeRate = 104.99568933882755; energyGenerated = 55.0; energyUsed = 107.35644048889152; energyWasted = 98.05329532724548; faction = 5; gameMode = 0; kills = 185.72737080309963; secRemaining = 81.0; wonGame = true; xpEarned = 15799.59500054958; })'
2024-07-13 18:44:05,466 - Output: (true, "Game saved")
2024-07-13 18:44:05,466 - Sending statistics for match ID: 7 for player4
2024-07-13 18:44:05,493 - Command: dfx identity use player4
2024-07-13 18:44:05,493 - Constructed command: dfx canister call cosmicrafts saveFinishedGame '(7, record {botDifficulty = 0; botMode = 0; characterID = "character3"; damageCritic = 5030.039795910091; damageDealt = 8662.580029111115; damageEvaded = 21247.310060458407; damageTaken = 8888.378963213003; deploys = 116.9922629767169; energyChargeRate = 134.20236851752907; energyGenerated = 55.0; energyUsed = 186.1087664333063; energyWasted = 139.74733641813054; faction = 4; gameMode = 1; kills = 205.70750662754054; secRemaining = 81.0; wonGame = true; xpEarned = 20396.044216134538; })'
2024-07-13 18:44:07,763 - Command: dfx canister call cosmicrafts saveFinishedGame '(7, record {botDifficulty = 0; botMode = 0; characterID = "character3"; damageCritic = 5030.039795910091; damageDealt = 8662.580029111115; damageEvaded = 21247.310060458407; damageTaken = 8888.378963213003; deploys = 116.9922629767169; energyChargeRate = 134.20236851752907; energyGenerated = 55.0; energyUsed = 186.1087664333063; energyWasted = 139.74733641813054; faction = 4; gameMode = 1; kills = 205.70750662754054; secRemaining = 81.0; wonGame = true; xpEarned = 20396.044216134538; })'
2024-07-13 18:44:07,763 - Output: (true, "NO REWARDS FOUND FOR THIS USER - Game saved")
2024-07-13 18:44:07,763 - Finished 5 matches. Looping...
2024-07-13 18:44:12,791 - Command: dfx identity use player5
2024-07-13 18:44:12,838 - Command: dfx identity get-principal
2024-07-13 18:44:12,838 - Output: xgukz-lyqa2-uaq4b-bhkvz-5e3fs-3bx6o-af2py-fim3c-djc44-yhhzc-4ae
2024-07-13 18:44:12,846 - Command: dfx identity use player7
2024-07-13 18:44:12,862 - Command: dfx identity get-principal
2024-07-13 18:44:12,862 - Output: u27n5-2c5ef-ackpa-jyrs5-yyzkp-dukw4-p2ma5-4rmb7-a7tv6-rw42b-sqe
2024-07-13 18:44:12,868 - Command: dfx identity use player2
2024-07-13 18:44:12,884 - Command: dfx identity get-principal
2024-07-13 18:44:12,884 - Output: 6pj2j-ccuip-744eo-4odjh-rhyeb-i3ctv-xc3ru-vkkfa-fjubh-33olq-qae
2024-07-13 18:44:12,890 - Command: dfx identity use player4
2024-07-13 18:44:12,906 - Command: dfx identity get-principal
2024-07-13 18:44:12,906 - Output: pjcea-ebuwa-e2hhf-ec7dd-k7rgw-o6ikl-xhsdh-xkpio-5dyk7-m4w5c-tae
2024-07-13 18:44:12,911 - Command: dfx identity use player9
2024-07-13 18:44:12,926 - Command: dfx identity get-principal
2024-07-13 18:44:12,926 - Output: vprmx-skch2-lpter-zjlzm-yymzl-6t7yu-yqokk-3khkx-73gzz-pi57f-cqe
2024-07-13 18:44:12,932 - Command: dfx identity use player8
2024-07-13 18:44:12,948 - Command: dfx identity get-principal
2024-07-13 18:44:12,948 - Output: u5clb-edy3l-xi7wd-6l2jq-xk5bp-2t4eh-3hut6-r5svq-6qqoc-d4npk-mae
2024-07-13 18:44:12,954 - Command: dfx identity use player3
2024-07-13 18:44:12,969 - Command: dfx identity get-principal
2024-07-13 18:44:12,969 - Output: udu2i-qpmth-clt4p-cql4d-y2hi6-fci2t-kadbj-5io6q-pt6ny-d6hye-kqe
2024-07-13 18:44:12,974 - Command: dfx identity use player6
2024-07-13 18:44:12,990 - Command: dfx identity get-principal
2024-07-13 18:44:12,990 - Output: yumhx-xrmg4-ceupy-3ijpv-uzmxj-ghdfx-j6e6d-3532g-x2mzx-ofwrh-4qe
2024-07-13 18:44:12,995 - Command: dfx identity use player10
2024-07-13 18:44:13,012 - Command: dfx identity get-principal
2024-07-13 18:44:13,012 - Output: jk4at-pt2hi-weyq6-xgshn-7ofm2-fag6z-7npgt-pfbwf-iomah-voxgc-oqe
2024-07-13 18:44:13,018 - Command: dfx identity use player1
2024-07-13 18:44:13,034 - Command: dfx identity get-principal
2024-07-13 18:44:13,034 - Output: mn5iu-4ncje-ws6p5-ztjz4-7j7a3-xdkvf-hqzz7-qogk7-62pp5-7s3rl-vqe
2024-07-13 18:44:13,034 - player5 starts searching for a match
2024-07-13 18:44:13,039 - Command: dfx identity use player5
2024-07-13 18:44:15,558 - Command: dfx canister call cosmicrafts getMatchSearching '{"userAvatar": 1, "listSavedKeys": []}'
2024-07-13 18:44:15,558 - Output: (variant { Assigned }, 8 : nat, "Lobby created")
2024-07-13 18:44:15,559 - player5 search result: (variant { Assigned }, 8 : nat, "Lobby created")
2024-07-13 18:44:15,571 - Command: dfx identity use player5
2024-07-13 18:44:16,855 - Command: dfx canister call cosmicrafts setPlayerActive
2024-07-13 18:44:16,856 - Output: (true)
2024-07-13 18:44:16,856 - player5 active result: (true)
2024-07-13 18:44:16,856 - player7 starts searching for a match
2024-07-13 18:44:16,876 - Command: dfx identity use player7
2024-07-13 18:44:18,328 - Command: dfx canister call cosmicrafts getMatchSearching '{"userAvatar": 1, "listSavedKeys": []}'
2024-07-13 18:44:18,329 - Output: (variant { Assigned }, 8 : nat, "Game found")
2024-07-13 18:44:18,329 - player7 search result: (variant { Assigned }, 8 : nat, "Game found")
2024-07-13 18:44:18,351 - Command: dfx identity use player7
2024-07-13 18:44:20,868 - Command: dfx canister call cosmicrafts setPlayerActive
2024-07-13 18:44:20,868 - Output: (false)
2024-07-13 18:44:20,868 - player7 active result: (false)
2024-07-13 18:44:20,880 - Command: dfx identity use player5
2024-07-13 18:44:20,929 - Command: dfx canister call cosmicrafts isGameMatched
2024-07-13 18:44:20,929 - Output: (true, "Game matched")
2024-07-13 18:44:20,936 - Command: dfx identity use player7
2024-07-13 18:44:20,962 - Command: dfx canister call cosmicrafts isGameMatched
2024-07-13 18:44:20,962 - Output: (true, "Game matched")
2024-07-13 18:44:20,962 - Is game matched result for player5: (true, "Game matched")
2024-07-13 18:44:20,962 - Is game matched result for player7: (true, "Game matched")
2024-07-13 18:44:20,962 - Match found! Ending search.
2024-07-13 18:44:20,962 - Sending statistics for match ID: 8 for player5
2024-07-13 18:44:20,968 - Command: dfx identity use player5
2024-07-13 18:44:20,968 - Constructed command: dfx canister call cosmicrafts saveFinishedGame '(8, record {botDifficulty = 3; botMode = 4; characterID = "character1"; damageCritic = 10709.391759194548; damageDealt = 24602.19841146785; damageEvaded = 13581.610051558919; damageTaken = 5919.385210158587; deploys = 100.91833730612339; energyChargeRate = 114.2444816799006; energyGenerated = 77.0; energyUsed = 161.10560880570839; energyWasted = 175.10409702294294; faction = 0; gameMode = 4; kills = 83.1218235908488; secRemaining = 280.0; wonGame = true; xpEarned = 17736.19732795476; })'
2024-07-13 18:44:23,626 - Command: dfx canister call cosmicrafts saveFinishedGame '(8, record {botDifficulty = 3; botMode = 4; characterID = "character1"; damageCritic = 10709.391759194548; damageDealt = 24602.19841146785; damageEvaded = 13581.610051558919; damageTaken = 5919.385210158587; deploys = 100.91833730612339; energyChargeRate = 114.2444816799006; energyGenerated = 77.0; energyUsed = 161.10560880570839; energyWasted = 175.10409702294294; faction = 0; gameMode = 4; kills = 83.1218235908488; secRemaining = 280.0; wonGame = true; xpEarned = 17736.19732795476; })'
2024-07-13 18:44:23,626 - Output: (true, "Game saved")
2024-07-13 18:44:23,626 - Sending statistics for match ID: 8 for player7
2024-07-13 18:44:23,640 - Command: dfx identity use player7
2024-07-13 18:44:23,640 - Constructed command: dfx canister call cosmicrafts saveFinishedGame '(8, record {botDifficulty = 3; botMode = 2; characterID = "character7"; damageCritic = 21569.412541261994; damageDealt = 19740.040156563395; damageEvaded = 3331.9560842395017; damageTaken = 21206.964343792446; deploys = 125.0544699213535; energyChargeRate = 110.37481996002317; energyGenerated = 77.0; energyUsed = 62.994941121543604; energyWasted = 147.58965130165282; faction = 4; gameMode = 5; kills = 219.9041274872956; secRemaining = 280.0; wonGame = true; xpEarned = 4245.279350637953; })'
2024-07-13 18:44:25,265 - Command: dfx canister call cosmicrafts saveFinishedGame '(8, record {botDifficulty = 3; botMode = 2; characterID = "character7"; damageCritic = 21569.412541261994; damageDealt = 19740.040156563395; damageEvaded = 3331.9560842395017; damageTaken = 21206.964343792446; deploys = 125.0544699213535; energyChargeRate = 110.37481996002317; energyGenerated = 77.0; energyUsed = 62.994941121543604; energyWasted = 147.58965130165282; faction = 4; gameMode = 5; kills = 219.9041274872956; secRemaining = 280.0; wonGame = true; xpEarned = 4245.279350637953; })'
2024-07-13 18:44:25,265 - Output: (true, "NO REWARDS FOUND FOR THIS USER - Game saved")
2024-07-13 18:44:25,265 - player2 starts searching for a match
2024-07-13 18:44:25,293 - Command: dfx identity use player2
2024-07-13 18:44:26,609 - Command: dfx canister call cosmicrafts getMatchSearching '{"userAvatar": 1, "listSavedKeys": []}'
2024-07-13 18:44:26,609 - Output: (variant { Assigned }, 9 : nat, "Lobby created")
2024-07-13 18:44:26,609 - player2 search result: (variant { Assigned }, 9 : nat, "Lobby created")
2024-07-13 18:44:26,620 - Command: dfx identity use player2
2024-07-13 18:44:28,305 - Command: dfx canister call cosmicrafts setPlayerActive
2024-07-13 18:44:28,305 - Output: (true)
2024-07-13 18:44:28,305 - player2 active result: (true)
2024-07-13 18:44:28,305 - player4 starts searching for a match
2024-07-13 18:44:28,313 - Command: dfx identity use player4
2024-07-13 18:44:29,652 - Command: dfx canister call cosmicrafts getMatchSearching '{"userAvatar": 1, "listSavedKeys": []}'
2024-07-13 18:44:29,652 - Output: (variant { Assigned }, 9 : nat, "Game found")
2024-07-13 18:44:29,652 - player4 search result: (variant { Assigned }, 9 : nat, "Game found")
2024-07-13 18:44:29,670 - Command: dfx identity use player4
2024-07-13 18:44:31,029 - Command: dfx canister call cosmicrafts setPlayerActive
2024-07-13 18:44:31,030 - Output: (false)
2024-07-13 18:44:31,030 - player4 active result: (false)
2024-07-13 18:44:31,037 - Command: dfx identity use player2
2024-07-13 18:44:31,063 - Command: dfx canister call cosmicrafts isGameMatched
2024-07-13 18:44:31,063 - Output: (true, "Game matched")
2024-07-13 18:44:31,069 - Command: dfx identity use player4
2024-07-13 18:44:31,094 - Command: dfx canister call cosmicrafts isGameMatched
2024-07-13 18:44:31,094 - Output: (true, "Game matched")
2024-07-13 18:44:31,094 - Is game matched result for player2: (true, "Game matched")
2024-07-13 18:44:31,094 - Is game matched result for player4: (true, "Game matched")
2024-07-13 18:44:31,094 - Match found! Ending search.
2024-07-13 18:44:31,094 - Sending statistics for match ID: 9 for player2
2024-07-13 18:44:31,100 - Command: dfx identity use player2
2024-07-13 18:44:31,100 - Constructed command: dfx canister call cosmicrafts saveFinishedGame '(9, record {botDifficulty = 2; botMode = 0; characterID = "character6"; damageCritic = 12412.160934243868; damageDealt = 8638.716543100858; damageEvaded = 1641.113681415372; damageTaken = 24187.174406586273; deploys = 141.81596762594998; energyChargeRate = 170.98979001132903; energyGenerated = 116.0; energyUsed = 95.90157096302784; energyWasted = 177.26002783624836; faction = 2; gameMode = 3; kills = 172.79897034411542; secRemaining = 139.0; wonGame = false; xpEarned = 18677.32321158581; })'
2024-07-13 18:44:32,443 - Command: dfx canister call cosmicrafts saveFinishedGame '(9, record {botDifficulty = 2; botMode = 0; characterID = "character6"; damageCritic = 12412.160934243868; damageDealt = 8638.716543100858; damageEvaded = 1641.113681415372; damageTaken = 24187.174406586273; deploys = 141.81596762594998; energyChargeRate = 170.98979001132903; energyGenerated = 116.0; energyUsed = 95.90157096302784; energyWasted = 177.26002783624836; faction = 2; gameMode = 3; kills = 172.79897034411542; secRemaining = 139.0; wonGame = false; xpEarned = 18677.32321158581; })'
2024-07-13 18:44:32,444 - Output: (true, "Game saved")
2024-07-13 18:44:32,444 - Sending statistics for match ID: 9 for player4
2024-07-13 18:44:32,459 - Command: dfx identity use player4
2024-07-13 18:44:32,459 - Constructed command: dfx canister call cosmicrafts saveFinishedGame '(9, record {botDifficulty = 0; botMode = 4; characterID = "character8"; damageCritic = 6258.710212350939; damageDealt = 4929.938573400781; damageEvaded = 18192.718139792887; damageTaken = 9753.776704956057; deploys = 217.5035937979972; energyChargeRate = 99.52312899259846; energyGenerated = 116.0; energyUsed = 167.44924131884875; energyWasted = 79.73175619650382; faction = 4; gameMode = 2; kills = 90.23594996398343; secRemaining = 139.0; wonGame = false; xpEarned = 15681.473994261834; })'
2024-07-13 18:44:33,876 - Command: dfx canister call cosmicrafts saveFinishedGame '(9, record {botDifficulty = 0; botMode = 4; characterID = "character8"; damageCritic = 6258.710212350939; damageDealt = 4929.938573400781; damageEvaded = 18192.718139792887; damageTaken = 9753.776704956057; deploys = 217.5035937979972; energyChargeRate = 99.52312899259846; energyGenerated = 116.0; energyUsed = 167.44924131884875; energyWasted = 79.73175619650382; faction = 4; gameMode = 2; kills = 90.23594996398343; secRemaining = 139.0; wonGame = false; xpEarned = 15681.473994261834; })'
2024-07-13 18:44:33,876 - Output: (true, "NO REWARDS FOUND FOR THIS USER - Game saved")
2024-07-13 18:44:33,876 - player9 starts searching for a match
2024-07-13 18:44:33,883 - Command: dfx identity use player9
2024-07-13 18:44:35,606 - Command: dfx canister call cosmicrafts getMatchSearching '{"userAvatar": 1, "listSavedKeys": []}'
2024-07-13 18:44:35,607 - Output: (variant { Assigned }, 10 : nat, "Lobby created")
2024-07-13 18:44:35,607 - player9 search result: (variant { Assigned }, 10 : nat, "Lobby created")
2024-07-13 18:44:35,635 - Command: dfx identity use player9
2024-07-13 18:44:38,296 - Command: dfx canister call cosmicrafts setPlayerActive
2024-07-13 18:44:38,296 - Output: (true)
2024-07-13 18:44:38,296 - player9 active result: (true)
2024-07-13 18:44:38,297 - player8 starts searching for a match
2024-07-13 18:44:38,314 - Command: dfx identity use player8
2024-07-13 18:44:39,538 - Command: dfx canister call cosmicrafts getMatchSearching '{"userAvatar": 1, "listSavedKeys": []}'
2024-07-13 18:44:39,538 - Output: (variant { Assigned }, 10 : nat, "Game found")
2024-07-13 18:44:39,539 - player8 search result: (variant { Assigned }, 10 : nat, "Game found")
2024-07-13 18:44:39,566 - Command: dfx identity use player8
2024-07-13 18:44:42,590 - Command: dfx canister call cosmicrafts setPlayerActive
2024-07-13 18:44:42,591 - Output: (false)
2024-07-13 18:44:42,591 - player8 active result: (false)
2024-07-13 18:44:42,602 - Command: dfx identity use player9
2024-07-13 18:44:42,629 - Command: dfx canister call cosmicrafts isGameMatched
2024-07-13 18:44:42,629 - Output: (true, "Game matched")
2024-07-13 18:44:42,636 - Command: dfx identity use player8
2024-07-13 18:44:42,660 - Command: dfx canister call cosmicrafts isGameMatched
2024-07-13 18:44:42,660 - Output: (true, "Game matched")
2024-07-13 18:44:42,660 - Is game matched result for player9: (true, "Game matched")
2024-07-13 18:44:42,660 - Is game matched result for player8: (true, "Game matched")
2024-07-13 18:44:42,660 - Match found! Ending search.
2024-07-13 18:44:42,660 - Sending statistics for match ID: 10 for player9
2024-07-13 18:44:42,666 - Command: dfx identity use player9
2024-07-13 18:44:42,666 - Constructed command: dfx canister call cosmicrafts saveFinishedGame '(10, record {botDifficulty = 0; botMode = 1; characterID = "character4"; damageCritic = 3481.325946806716; damageDealt = 14284.816095628275; damageEvaded = 6823.623565291663; damageTaken = 18198.01195178164; deploys = 125.72336509498547; energyChargeRate = 139.7162549765288; energyGenerated = 103.0; energyUsed = 91.39034616997046; energyWasted = 73.1944359073999; faction = 2; gameMode = 0; kills = 144.3160157277279; secRemaining = 274.0; wonGame = true; xpEarned = 17799.598826178873; })'
2024-07-13 18:44:44,999 - Command: dfx canister call cosmicrafts saveFinishedGame '(10, record {botDifficulty = 0; botMode = 1; characterID = "character4"; damageCritic = 3481.325946806716; damageDealt = 14284.816095628275; damageEvaded = 6823.623565291663; damageTaken = 18198.01195178164; deploys = 125.72336509498547; energyChargeRate = 139.7162549765288; energyGenerated = 103.0; energyUsed = 91.39034616997046; energyWasted = 73.1944359073999; faction = 2; gameMode = 0; kills = 144.3160157277279; secRemaining = 274.0; wonGame = true; xpEarned = 17799.598826178873; })'
2024-07-13 18:44:45,000 - Output: (true, "Game saved")
2024-07-13 18:44:45,000 - Sending statistics for match ID: 10 for player8
2024-07-13 18:44:45,026 - Command: dfx identity use player8
2024-07-13 18:44:45,026 - Constructed command: dfx canister call cosmicrafts saveFinishedGame '(10, record {botDifficulty = 5; botMode = 0; characterID = "character5"; damageCritic = 2788.353032141102; damageDealt = 3481.7480892850544; damageEvaded = 7287.384211026209; damageTaken = 3202.6956639093314; deploys = 32.612232778245136; energyChargeRate = 163.24970644304457; energyGenerated = 103.0; energyUsed = 182.2130560320909; energyWasted = 138.56858934607467; faction = 5; gameMode = 1; kills = 29.789754010726377; secRemaining = 274.0; wonGame = true; xpEarned = 2904.070502092; })'
2024-07-13 18:44:46,444 - Command: dfx canister call cosmicrafts saveFinishedGame '(10, record {botDifficulty = 5; botMode = 0; characterID = "character5"; damageCritic = 2788.353032141102; damageDealt = 3481.7480892850544; damageEvaded = 7287.384211026209; damageTaken = 3202.6956639093314; deploys = 32.612232778245136; energyChargeRate = 163.24970644304457; energyGenerated = 103.0; energyUsed = 182.2130560320909; energyWasted = 138.56858934607467; faction = 5; gameMode = 1; kills = 29.789754010726377; secRemaining = 274.0; wonGame = true; xpEarned = 2904.070502092; })'
2024-07-13 18:44:46,444 - Output: (true, "NO REWARDS FOUND FOR THIS USER - Game saved")
2024-07-13 18:44:46,445 - player3 starts searching for a match
2024-07-13 18:44:46,467 - Command: dfx identity use player3
2024-07-13 18:44:47,779 - Command: dfx canister call cosmicrafts getMatchSearching '{"userAvatar": 1, "listSavedKeys": []}'
2024-07-13 18:44:47,779 - Output: (variant { Assigned }, 11 : nat, "Lobby created")
2024-07-13 18:44:47,779 - player3 search result: (variant { Assigned }, 11 : nat, "Lobby created")
2024-07-13 18:44:47,795 - Command: dfx identity use player3
2024-07-13 18:44:48,871 - Command: dfx canister call cosmicrafts setPlayerActive
2024-07-13 18:44:48,871 - Output: (true)
2024-07-13 18:44:48,871 - player3 active result: (true)
2024-07-13 18:44:48,871 - player6 starts searching for a match
2024-07-13 18:44:48,897 - Command: dfx identity use player6
2024-07-13 18:44:50,374 - Command: dfx canister call cosmicrafts getMatchSearching '{"userAvatar": 1, "listSavedKeys": []}'
2024-07-13 18:44:50,374 - Output: (variant { Assigned }, 11 : nat, "Game found")
2024-07-13 18:44:50,374 - player6 search result: (variant { Assigned }, 11 : nat, "Game found")
2024-07-13 18:44:50,394 - Command: dfx identity use player6
2024-07-13 18:44:51,562 - Command: dfx canister call cosmicrafts setPlayerActive
2024-07-13 18:44:51,562 - Output: (false)
2024-07-13 18:44:51,562 - player6 active result: (false)
2024-07-13 18:44:51,590 - Command: dfx identity use player3
2024-07-13 18:44:51,649 - Command: dfx canister call cosmicrafts isGameMatched
2024-07-13 18:44:51,649 - Output: (true, "Game matched")
2024-07-13 18:44:51,655 - Command: dfx identity use player6
2024-07-13 18:44:51,680 - Command: dfx canister call cosmicrafts isGameMatched
2024-07-13 18:44:51,680 - Output: (true, "Game matched")
2024-07-13 18:44:51,680 - Is game matched result for player3: (true, "Game matched")
2024-07-13 18:44:51,680 - Is game matched result for player6: (true, "Game matched")
2024-07-13 18:44:51,680 - Match found! Ending search.
2024-07-13 18:44:51,680 - Sending statistics for match ID: 11 for player3
2024-07-13 18:44:51,686 - Command: dfx identity use player3
2024-07-13 18:44:51,686 - Constructed command: dfx canister call cosmicrafts saveFinishedGame '(11, record {botDifficulty = 1; botMode = 5; characterID = "character6"; damageCritic = 14256.81654038256; damageDealt = 20200.06187553355; damageEvaded = 21052.485978756733; damageTaken = 9084.398005134279; deploys = 158.10378134584298; energyChargeRate = 124.29080969538983; energyGenerated = 70.0; energyUsed = 104.95751929965364; energyWasted = 51.213096559330566; faction = 0; gameMode = 5; kills = 164.01274815349802; secRemaining = 281.0; wonGame = true; xpEarned = 22374.15427636747; })'
2024-07-13 18:44:53,448 - Command: dfx canister call cosmicrafts saveFinishedGame '(11, record {botDifficulty = 1; botMode = 5; characterID = "character6"; damageCritic = 14256.81654038256; damageDealt = 20200.06187553355; damageEvaded = 21052.485978756733; damageTaken = 9084.398005134279; deploys = 158.10378134584298; energyChargeRate = 124.29080969538983; energyGenerated = 70.0; energyUsed = 104.95751929965364; energyWasted = 51.213096559330566; faction = 0; gameMode = 5; kills = 164.01274815349802; secRemaining = 281.0; wonGame = true; xpEarned = 22374.15427636747; })'
2024-07-13 18:44:53,449 - Output: (true, "Game saved")
2024-07-13 18:44:53,449 - Sending statistics for match ID: 11 for player6
2024-07-13 18:44:53,477 - Command: dfx identity use player6
2024-07-13 18:44:53,477 - Constructed command: dfx canister call cosmicrafts saveFinishedGame '(11, record {botDifficulty = 5; botMode = 2; characterID = "character1"; damageCritic = 17882.74749962425; damageDealt = 9611.54477414469; damageEvaded = 18531.753513754396; damageTaken = 14318.578574675035; deploys = 213.3662957511982; energyChargeRate = 74.7542566757489; energyGenerated = 70.0; energyUsed = 128.59149430156913; energyWasted = 57.063961325734226; faction = 2; gameMode = 0; kills = 227.75166568868852; secRemaining = 281.0; wonGame = true; xpEarned = 2076.6330067654967; })'
2024-07-13 18:44:55,291 - Command: dfx canister call cosmicrafts saveFinishedGame '(11, record {botDifficulty = 5; botMode = 2; characterID = "character1"; damageCritic = 17882.74749962425; damageDealt = 9611.54477414469; damageEvaded = 18531.753513754396; damageTaken = 14318.578574675035; deploys = 213.3662957511982; energyChargeRate = 74.7542566757489; energyGenerated = 70.0; energyUsed = 128.59149430156913; energyWasted = 57.063961325734226; faction = 2; gameMode = 0; kills = 227.75166568868852; secRemaining = 281.0; wonGame = true; xpEarned = 2076.6330067654967; })'
2024-07-13 18:44:55,291 - Output: (true, "NO REWARDS FOUND FOR THIS USER - Game saved")
2024-07-13 18:44:55,291 - player10 starts searching for a match
2024-07-13 18:44:55,317 - Command: dfx identity use player10
2024-07-13 18:44:56,843 - Command: dfx canister call cosmicrafts getMatchSearching '{"userAvatar": 1, "listSavedKeys": []}'
2024-07-13 18:44:56,844 - Output: (variant { Assigned }, 12 : nat, "Lobby created")
2024-07-13 18:44:56,844 - player10 search result: (variant { Assigned }, 12 : nat, "Lobby created")
2024-07-13 18:44:56,871 - Command: dfx identity use player10
2024-07-13 18:44:58,041 - Command: dfx canister call cosmicrafts setPlayerActive
2024-07-13 18:44:58,042 - Output: (true)
2024-07-13 18:44:58,042 - player10 active result: (true)
2024-07-13 18:44:58,042 - player1 starts searching for a match
2024-07-13 18:44:58,056 - Command: dfx identity use player1
2024-07-13 18:44:59,903 - Command: dfx canister call cosmicrafts getMatchSearching '{"userAvatar": 1, "listSavedKeys": []}'
2024-07-13 18:44:59,903 - Output: (variant { Assigned }, 12 : nat, "Game found")
2024-07-13 18:44:59,903 - player1 search result: (variant { Assigned }, 12 : nat, "Game found")
2024-07-13 18:44:59,910 - Command: dfx identity use player1
2024-07-13 18:45:02,254 - Command: dfx canister call cosmicrafts setPlayerActive
2024-07-13 18:45:02,254 - Output: (false)
2024-07-13 18:45:02,255 - player1 active result: (false)
2024-07-13 18:45:02,275 - Command: dfx identity use player10
2024-07-13 18:45:02,308 - Command: dfx canister call cosmicrafts isGameMatched
2024-07-13 18:45:02,309 - Output: (true, "Game matched")
2024-07-13 18:45:02,314 - Command: dfx identity use player1
2024-07-13 18:45:02,343 - Command: dfx canister call cosmicrafts isGameMatched
2024-07-13 18:45:02,343 - Output: (true, "Game matched")
2024-07-13 18:45:02,343 - Is game matched result for player10: (true, "Game matched")
2024-07-13 18:45:02,343 - Is game matched result for player1: (true, "Game matched")
2024-07-13 18:45:02,343 - Match found! Ending search.
2024-07-13 18:45:02,343 - Sending statistics for match ID: 12 for player10
2024-07-13 18:45:02,349 - Command: dfx identity use player10
2024-07-13 18:45:02,350 - Constructed command: dfx canister call cosmicrafts saveFinishedGame '(12, record {botDifficulty = 2; botMode = 1; characterID = "character10"; damageCritic = 13731.154623413679; damageDealt = 6227.045754529459; damageEvaded = 16336.044714492222; damageTaken = 14754.438178254168; deploys = 85.89656009684275; energyChargeRate = 58.241588413561544; energyGenerated = 58.0; energyUsed = 143.7277167658625; energyWasted = 157.13356174593866; faction = 3; gameMode = 4; kills = 151.38585159794016; secRemaining = 251.0; wonGame = true; xpEarned = 14111.011989204015; })'
2024-07-13 18:45:03,508 - Command: dfx canister call cosmicrafts saveFinishedGame '(12, record {botDifficulty = 2; botMode = 1; characterID = "character10"; damageCritic = 13731.154623413679; damageDealt = 6227.045754529459; damageEvaded = 16336.044714492222; damageTaken = 14754.438178254168; deploys = 85.89656009684275; energyChargeRate = 58.241588413561544; energyGenerated = 58.0; energyUsed = 143.7277167658625; energyWasted = 157.13356174593866; faction = 3; gameMode = 4; kills = 151.38585159794016; secRemaining = 251.0; wonGame = true; xpEarned = 14111.011989204015; })'
2024-07-13 18:45:03,508 - Output: (true, "Game saved")
2024-07-13 18:45:03,508 - Sending statistics for match ID: 12 for player1
2024-07-13 18:45:03,515 - Command: dfx identity use player1
2024-07-13 18:45:03,515 - Constructed command: dfx canister call cosmicrafts saveFinishedGame '(12, record {botDifficulty = 3; botMode = 0; characterID = "character6"; damageCritic = 3480.592837451933; damageDealt = 8282.48605746336; damageEvaded = 2292.8274044674545; damageTaken = 17189.13953172775; deploys = 94.95739757298328; energyChargeRate = 36.755484557212164; energyGenerated = 58.0; energyUsed = 160.84202570160198; energyWasted = 50.25983780003038; faction = 5; gameMode = 0; kills = 200.56593564303253; secRemaining = 251.0; wonGame = true; xpEarned = 19106.740296715332; })'
2024-07-13 18:45:04,894 - Command: dfx canister call cosmicrafts saveFinishedGame '(12, record {botDifficulty = 3; botMode = 0; characterID = "character6"; damageCritic = 3480.592837451933; damageDealt = 8282.48605746336; damageEvaded = 2292.8274044674545; damageTaken = 17189.13953172775; deploys = 94.95739757298328; energyChargeRate = 36.755484557212164; energyGenerated = 58.0; energyUsed = 160.84202570160198; energyWasted = 50.25983780003038; faction = 5; gameMode = 0; kills = 200.56593564303253; secRemaining = 251.0; wonGame = true; xpEarned = 19106.740296715332; })'
2024-07-13 18:45:04,894 - Output: (true, "NO REWARDS FOUND FOR THIS USER - Game saved")
2024-07-13 18:45:04,895 - Finished 5 matches. Looping...
2024-07-13 18:45:09,922 - Command: dfx identity use player6
2024-07-13 18:45:09,954 - Command: dfx identity get-principal
2024-07-13 18:45:09,954 - Output: yumhx-xrmg4-ceupy-3ijpv-uzmxj-ghdfx-j6e6d-3532g-x2mzx-ofwrh-4qe
2024-07-13 18:45:09,964 - Command: dfx identity use player3
2024-07-13 18:45:09,989 - Command: dfx identity get-principal
2024-07-13 18:45:09,989 - Output: udu2i-qpmth-clt4p-cql4d-y2hi6-fci2t-kadbj-5io6q-pt6ny-d6hye-kqe
2024-07-13 18:45:09,996 - Command: dfx identity use player9
2024-07-13 18:45:10,016 - Command: dfx identity get-principal
2024-07-13 18:45:10,016 - Output: vprmx-skch2-lpter-zjlzm-yymzl-6t7yu-yqokk-3khkx-73gzz-pi57f-cqe
2024-07-13 18:45:10,023 - Command: dfx identity use player5
2024-07-13 18:45:10,042 - Command: dfx identity get-principal
2024-07-13 18:45:10,042 - Output: xgukz-lyqa2-uaq4b-bhkvz-5e3fs-3bx6o-af2py-fim3c-djc44-yhhzc-4ae
2024-07-13 18:45:10,049 - Command: dfx identity use player7
2024-07-13 18:45:10,067 - Command: dfx identity get-principal
2024-07-13 18:45:10,067 - Output: u27n5-2c5ef-ackpa-jyrs5-yyzkp-dukw4-p2ma5-4rmb7-a7tv6-rw42b-sqe
2024-07-13 18:45:10,073 - Command: dfx identity use player1
2024-07-13 18:45:10,089 - Command: dfx identity get-principal
2024-07-13 18:45:10,089 - Output: mn5iu-4ncje-ws6p5-ztjz4-7j7a3-xdkvf-hqzz7-qogk7-62pp5-7s3rl-vqe
2024-07-13 18:45:10,095 - Command: dfx identity use player4
2024-07-13 18:45:10,111 - Command: dfx identity get-principal
2024-07-13 18:45:10,111 - Output: pjcea-ebuwa-e2hhf-ec7dd-k7rgw-o6ikl-xhsdh-xkpio-5dyk7-m4w5c-tae
2024-07-13 18:45:10,116 - Command: dfx identity use player2
2024-07-13 18:45:10,133 - Command: dfx identity get-principal
2024-07-13 18:45:10,133 - Output: 6pj2j-ccuip-744eo-4odjh-rhyeb-i3ctv-xc3ru-vkkfa-fjubh-33olq-qae
2024-07-13 18:45:10,138 - Command: dfx identity use player8
2024-07-13 18:45:10,155 - Command: dfx identity get-principal
2024-07-13 18:45:10,155 - Output: u5clb-edy3l-xi7wd-6l2jq-xk5bp-2t4eh-3hut6-r5svq-6qqoc-d4npk-mae
2024-07-13 18:45:10,160 - Command: dfx identity use player10
2024-07-13 18:45:10,176 - Command: dfx identity get-principal
2024-07-13 18:45:10,177 - Output: jk4at-pt2hi-weyq6-xgshn-7ofm2-fag6z-7npgt-pfbwf-iomah-voxgc-oqe
2024-07-13 18:45:10,177 - player6 starts searching for a match
2024-07-13 18:45:10,182 - Command: dfx identity use player6
2024-07-13 18:45:11,208 - Command: dfx canister call cosmicrafts getMatchSearching '{"userAvatar": 1, "listSavedKeys": []}'
2024-07-13 18:45:11,209 - Output: (variant { Assigned }, 13 : nat, "Lobby created")
2024-07-13 18:45:11,209 - player6 search result: (variant { Assigned }, 13 : nat, "Lobby created")
2024-07-13 18:45:11,218 - Command: dfx identity use player6
2024-07-13 18:45:12,671 - Command: dfx canister call cosmicrafts setPlayerActive
2024-07-13 18:45:12,671 - Output: (true)
2024-07-13 18:45:12,671 - player6 active result: (true)
2024-07-13 18:45:12,671 - player3 starts searching for a match
2024-07-13 18:45:12,681 - Command: dfx identity use player3
2024-07-13 18:45:14,012 - Command: dfx canister call cosmicrafts getMatchSearching '{"userAvatar": 1, "listSavedKeys": []}'
2024-07-13 18:45:14,012 - Output: (variant { Assigned }, 13 : nat, "Game found")
2024-07-13 18:45:14,012 - player3 search result: (variant { Assigned }, 13 : nat, "Game found")
2024-07-13 18:45:14,025 - Command: dfx identity use player3
2024-07-13 18:45:15,856 - Command: dfx canister call cosmicrafts setPlayerActive
2024-07-13 18:45:15,856 - Output: (false)
2024-07-13 18:45:15,856 - player3 active result: (false)
2024-07-13 18:45:15,884 - Command: dfx identity use player6
2024-07-13 18:45:15,949 - Command: dfx canister call cosmicrafts isGameMatched
2024-07-13 18:45:15,949 - Output: (true, "Game matched")
2024-07-13 18:45:15,957 - Command: dfx identity use player3
2024-07-13 18:45:15,986 - Command: dfx canister call cosmicrafts isGameMatched
2024-07-13 18:45:15,986 - Output: (true, "Game matched")
2024-07-13 18:45:15,986 - Is game matched result for player6: (true, "Game matched")
2024-07-13 18:45:15,986 - Is game matched result for player3: (true, "Game matched")
2024-07-13 18:45:15,986 - Match found! Ending search.
2024-07-13 18:45:15,986 - Sending statistics for match ID: 13 for player6
2024-07-13 18:45:15,993 - Command: dfx identity use player6
2024-07-13 18:45:15,993 - Constructed command: dfx canister call cosmicrafts saveFinishedGame '(13, record {botDifficulty = 4; botMode = 5; characterID = "character2"; damageCritic = 24820.559339569765; damageDealt = 22844.57799273767; damageEvaded = 8581.523384399723; damageTaken = 17484.183018183117; deploys = 15.938261137645236; energyChargeRate = 64.72514743601111; energyGenerated = 57.0; energyUsed = 59.61569090190311; energyWasted = 100.60253231039731; faction = 3; gameMode = 5; kills = 116.70774652029462; secRemaining = 263.0; wonGame = true; xpEarned = 22908.736536413628; })'
2024-07-13 18:45:17,213 - Command: dfx canister call cosmicrafts saveFinishedGame '(13, record {botDifficulty = 4; botMode = 5; characterID = "character2"; damageCritic = 24820.559339569765; damageDealt = 22844.57799273767; damageEvaded = 8581.523384399723; damageTaken = 17484.183018183117; deploys = 15.938261137645236; energyChargeRate = 64.72514743601111; energyGenerated = 57.0; energyUsed = 59.61569090190311; energyWasted = 100.60253231039731; faction = 3; gameMode = 5; kills = 116.70774652029462; secRemaining = 263.0; wonGame = true; xpEarned = 22908.736536413628; })'
2024-07-13 18:45:17,213 - Output: (true, "Game saved")
2024-07-13 18:45:17,213 - Sending statistics for match ID: 13 for player3
2024-07-13 18:45:17,225 - Command: dfx identity use player3
2024-07-13 18:45:17,225 - Constructed command: dfx canister call cosmicrafts saveFinishedGame '(13, record {botDifficulty = 5; botMode = 3; characterID = "character10"; damageCritic = 8341.716869590899; damageDealt = 23598.2641106832; damageEvaded = 17613.224535777023; damageTaken = 11326.651801333339; deploys = 114.5408215752117; energyChargeRate = 197.97413049426152; energyGenerated = 57.0; energyUsed = 95.48208636229276; energyWasted = 68.64839951259762; faction = 3; gameMode = 1; kills = 220.62738974794837; secRemaining = 263.0; wonGame = true; xpEarned = 18270.65703770526; })'
2024-07-13 18:45:18,621 - Command: dfx canister call cosmicrafts saveFinishedGame '(13, record {botDifficulty = 5; botMode = 3; characterID = "character10"; damageCritic = 8341.716869590899; damageDealt = 23598.2641106832; damageEvaded = 17613.224535777023; damageTaken = 11326.651801333339; deploys = 114.5408215752117; energyChargeRate = 197.97413049426152; energyGenerated = 57.0; energyUsed = 95.48208636229276; energyWasted = 68.64839951259762; faction = 3; gameMode = 1; kills = 220.62738974794837; secRemaining = 263.0; wonGame = true; xpEarned = 18270.65703770526; })'
2024-07-13 18:45:18,621 - Output: (true, "NO REWARDS FOUND FOR THIS USER - Game saved")
2024-07-13 18:45:18,621 - player9 starts searching for a match
2024-07-13 18:45:18,640 - Command: dfx identity use player9
2024-07-13 18:45:19,853 - Command: dfx canister call cosmicrafts getMatchSearching '{"userAvatar": 1, "listSavedKeys": []}'
2024-07-13 18:45:19,853 - Output: (variant { Assigned }, 14 : nat, "Lobby created")
2024-07-13 18:45:19,853 - player9 search result: (variant { Assigned }, 14 : nat, "Lobby created")
2024-07-13 18:45:19,858 - Command: dfx identity use player9
2024-07-13 18:45:21,307 - Command: dfx canister call cosmicrafts setPlayerActive
2024-07-13 18:45:21,307 - Output: (true)
2024-07-13 18:45:21,307 - player9 active result: (true)
2024-07-13 18:45:21,307 - player5 starts searching for a match
2024-07-13 18:45:21,318 - Command: dfx identity use player5
2024-07-13 18:45:22,470 - Command: dfx canister call cosmicrafts getMatchSearching '{"userAvatar": 1, "listSavedKeys": []}'
2024-07-13 18:45:22,470 - Output: (variant { Assigned }, 14 : nat, "Game found")
2024-07-13 18:45:22,470 - player5 search result: (variant { Assigned }, 14 : nat, "Game found")
2024-07-13 18:45:22,496 - Command: dfx identity use player5
2024-07-13 18:45:24,143 - Command: dfx canister call cosmicrafts setPlayerActive
2024-07-13 18:45:24,143 - Output: (false)
2024-07-13 18:45:24,143 - player5 active result: (false)
2024-07-13 18:45:24,174 - Command: dfx identity use player9
2024-07-13 18:45:24,239 - Command: dfx canister call cosmicrafts isGameMatched
2024-07-13 18:45:24,239 - Output: (true, "Game matched")
2024-07-13 18:45:24,250 - Command: dfx identity use player5
2024-07-13 18:45:24,284 - Command: dfx canister call cosmicrafts isGameMatched
2024-07-13 18:45:24,284 - Output: (true, "Game matched")
2024-07-13 18:45:24,284 - Is game matched result for player9: (true, "Game matched")
2024-07-13 18:45:24,284 - Is game matched result for player5: (true, "Game matched")
2024-07-13 18:45:24,284 - Match found! Ending search.
2024-07-13 18:45:24,284 - Sending statistics for match ID: 14 for player9
2024-07-13 18:45:24,290 - Command: dfx identity use player9
2024-07-13 18:45:24,290 - Constructed command: dfx canister call cosmicrafts saveFinishedGame '(14, record {botDifficulty = 0; botMode = 3; characterID = "character9"; damageCritic = 3713.823511068978; damageDealt = 16481.20147678619; damageEvaded = 4254.754782762622; damageTaken = 7305.416761022644; deploys = 167.10011849642598; energyChargeRate = 59.137503623938386; energyGenerated = 204.0; energyUsed = 125.7398188914989; energyWasted = 130.6552383469966; faction = 1; gameMode = 4; kills = 94.67443399124099; secRemaining = 106.0; wonGame = false; xpEarned = 11766.115006043352; })'
2024-07-13 18:45:26,452 - Command: dfx canister call cosmicrafts saveFinishedGame '(14, record {botDifficulty = 0; botMode = 3; characterID = "character9"; damageCritic = 3713.823511068978; damageDealt = 16481.20147678619; damageEvaded = 4254.754782762622; damageTaken = 7305.416761022644; deploys = 167.10011849642598; energyChargeRate = 59.137503623938386; energyGenerated = 204.0; energyUsed = 125.7398188914989; energyWasted = 130.6552383469966; faction = 1; gameMode = 4; kills = 94.67443399124099; secRemaining = 106.0; wonGame = false; xpEarned = 11766.115006043352; })'
2024-07-13 18:45:26,452 - Output: (true, "Game saved")
2024-07-13 18:45:26,453 - Sending statistics for match ID: 14 for player5
2024-07-13 18:45:26,459 - Command: dfx identity use player5
2024-07-13 18:45:26,459 - Constructed command: dfx canister call cosmicrafts saveFinishedGame '(14, record {botDifficulty = 4; botMode = 5; characterID = "character5"; damageCritic = 15590.04290990545; damageDealt = 2974.3369547905377; damageEvaded = 17418.807865254366; damageTaken = 21352.945867099133; deploys = 151.37933096630007; energyChargeRate = 40.55887364906205; energyGenerated = 204.0; energyUsed = 76.80772563853186; energyWasted = 85.06546078833564; faction = 4; gameMode = 5; kills = 75.13269377504483; secRemaining = 106.0; wonGame = false; xpEarned = 24620.091228599264; })'
2024-07-13 18:45:27,739 - Command: dfx canister call cosmicrafts saveFinishedGame '(14, record {botDifficulty = 4; botMode = 5; characterID = "character5"; damageCritic = 15590.04290990545; damageDealt = 2974.3369547905377; damageEvaded = 17418.807865254366; damageTaken = 21352.945867099133; deploys = 151.37933096630007; energyChargeRate = 40.55887364906205; energyGenerated = 204.0; energyUsed = 76.80772563853186; energyWasted = 85.06546078833564; faction = 4; gameMode = 5; kills = 75.13269377504483; secRemaining = 106.0; wonGame = false; xpEarned = 24620.091228599264; })'
2024-07-13 18:45:27,739 - Output: (true, "NO REWARDS FOUND FOR THIS USER - Game saved")
2024-07-13 18:45:27,739 - player7 starts searching for a match
2024-07-13 18:45:27,747 - Command: dfx identity use player7
2024-07-13 18:45:29,962 - Command: dfx canister call cosmicrafts getMatchSearching '{"userAvatar": 1, "listSavedKeys": []}'
2024-07-13 18:45:29,962 - Output: (variant { Assigned }, 15 : nat, "Lobby created")
2024-07-13 18:45:29,962 - player7 search result: (variant { Assigned }, 15 : nat, "Lobby created")
2024-07-13 18:45:29,969 - Command: dfx identity use player7
2024-07-13 18:45:31,071 - Command: dfx canister call cosmicrafts setPlayerActive
2024-07-13 18:45:31,071 - Output: (true)
2024-07-13 18:45:31,071 - player7 active result: (true)
2024-07-13 18:45:31,071 - player1 starts searching for a match
2024-07-13 18:45:31,083 - Command: dfx identity use player1
2024-07-13 18:45:32,303 - Command: dfx canister call cosmicrafts getMatchSearching '{"userAvatar": 1, "listSavedKeys": []}'
2024-07-13 18:45:32,304 - Output: (variant { Assigned }, 15 : nat, "Game found")
2024-07-13 18:45:32,304 - player1 search result: (variant { Assigned }, 15 : nat, "Game found")
2024-07-13 18:45:32,332 - Command: dfx identity use player1
2024-07-13 18:45:33,705 - Command: dfx canister call cosmicrafts setPlayerActive
2024-07-13 18:45:33,706 - Output: (false)
2024-07-13 18:45:33,706 - player1 active result: (false)
2024-07-13 18:45:33,729 - Command: dfx identity use player7
2024-07-13 18:45:33,763 - Command: dfx canister call cosmicrafts isGameMatched
2024-07-13 18:45:33,763 - Output: (true, "Game matched")
2024-07-13 18:45:33,770 - Command: dfx identity use player1
2024-07-13 18:45:33,799 - Command: dfx canister call cosmicrafts isGameMatched
2024-07-13 18:45:33,799 - Output: (true, "Game matched")
2024-07-13 18:45:33,799 - Is game matched result for player7: (true, "Game matched")
2024-07-13 18:45:33,799 - Is game matched result for player1: (true, "Game matched")
2024-07-13 18:45:33,799 - Match found! Ending search.
2024-07-13 18:45:33,799 - Sending statistics for match ID: 15 for player7
2024-07-13 18:45:33,805 - Command: dfx identity use player7
2024-07-13 18:45:33,805 - Constructed command: dfx canister call cosmicrafts saveFinishedGame '(15, record {botDifficulty = 0; botMode = 3; characterID = "character6"; damageCritic = 6010.029437805588; damageDealt = 21944.657099086802; damageEvaded = 10505.016268670748; damageTaken = 17886.473800515174; deploys = 157.5835057491862; energyChargeRate = 178.68788001597073; energyGenerated = 173.0; energyUsed = 190.55945547516797; energyWasted = 92.63124418570632; faction = 1; gameMode = 2; kills = 84.90571267770092; secRemaining = 82.0; wonGame = true; xpEarned = 13566.565500758328; })'
2024-07-13 18:45:35,321 - Command: dfx canister call cosmicrafts saveFinishedGame '(15, record {botDifficulty = 0; botMode = 3; characterID = "character6"; damageCritic = 6010.029437805588; damageDealt = 21944.657099086802; damageEvaded = 10505.016268670748; damageTaken = 17886.473800515174; deploys = 157.5835057491862; energyChargeRate = 178.68788001597073; energyGenerated = 173.0; energyUsed = 190.55945547516797; energyWasted = 92.63124418570632; faction = 1; gameMode = 2; kills = 84.90571267770092; secRemaining = 82.0; wonGame = true; xpEarned = 13566.565500758328; })'
2024-07-13 18:45:35,321 - Output: (true, "Game saved")
2024-07-13 18:45:35,321 - Sending statistics for match ID: 15 for player1
2024-07-13 18:45:35,350 - Command: dfx identity use player1
2024-07-13 18:45:35,350 - Constructed command: dfx canister call cosmicrafts saveFinishedGame '(15, record {botDifficulty = 1; botMode = 3; characterID = "character4"; damageCritic = 15990.817046796916; damageDealt = 19869.57221084816; damageEvaded = 11205.79953614716; damageTaken = 9085.140406072625; deploys = 210.80991184764562; energyChargeRate = 167.69456177821033; energyGenerated = 173.0; energyUsed = 128.11513680643802; energyWasted = 156.11302082418757; faction = 4; gameMode = 4; kills = 31.838523704807955; secRemaining = 82.0; wonGame = true; xpEarned = 9509.782863200948; })'
2024-07-13 18:45:36,910 - Command: dfx canister call cosmicrafts saveFinishedGame '(15, record {botDifficulty = 1; botMode = 3; characterID = "character4"; damageCritic = 15990.817046796916; damageDealt = 19869.57221084816; damageEvaded = 11205.79953614716; damageTaken = 9085.140406072625; deploys = 210.80991184764562; energyChargeRate = 167.69456177821033; energyGenerated = 173.0; energyUsed = 128.11513680643802; energyWasted = 156.11302082418757; faction = 4; gameMode = 4; kills = 31.838523704807955; secRemaining = 82.0; wonGame = true; xpEarned = 9509.782863200948; })'
2024-07-13 18:45:36,911 - Output: (true, "NO REWARDS FOUND FOR THIS USER - Game saved")
2024-07-13 18:45:36,911 - player4 starts searching for a match
2024-07-13 18:45:36,936 - Command: dfx identity use player4
2024-07-13 18:45:38,268 - Command: dfx canister call cosmicrafts getMatchSearching '{"userAvatar": 1, "listSavedKeys": []}'
2024-07-13 18:45:38,269 - Output: (variant { Assigned }, 16 : nat, "Lobby created")
2024-07-13 18:45:38,269 - player4 search result: (variant { Assigned }, 16 : nat, "Lobby created")
2024-07-13 18:45:38,297 - Command: dfx identity use player4
2024-07-13 18:45:40,008 - Command: dfx canister call cosmicrafts setPlayerActive
2024-07-13 18:45:40,008 - Output: (true)
2024-07-13 18:45:40,008 - player4 active result: (true)
2024-07-13 18:45:40,009 - player2 starts searching for a match
2024-07-13 18:45:40,018 - Command: dfx identity use player2
2024-07-13 18:45:41,749 - Command: dfx canister call cosmicrafts getMatchSearching '{"userAvatar": 1, "listSavedKeys": []}'
2024-07-13 18:45:41,749 - Output: (variant { Assigned }, 16 : nat, "Game found")
2024-07-13 18:45:41,749 - player2 search result: (variant { Assigned }, 16 : nat, "Game found")
2024-07-13 18:45:41,777 - Command: dfx identity use player2
2024-07-13 18:45:42,969 - Command: dfx canister call cosmicrafts setPlayerActive
2024-07-13 18:45:42,969 - Output: (false)
2024-07-13 18:45:42,969 - player2 active result: (false)
2024-07-13 18:45:42,980 - Command: dfx identity use player4
2024-07-13 18:45:43,012 - Command: dfx canister call cosmicrafts isGameMatched
2024-07-13 18:45:43,012 - Output: (true, "Game matched")
2024-07-13 18:45:43,018 - Command: dfx identity use player2
2024-07-13 18:45:43,043 - Command: dfx canister call cosmicrafts isGameMatched
2024-07-13 18:45:43,043 - Output: (true, "Game matched")
2024-07-13 18:45:43,043 - Is game matched result for player4: (true, "Game matched")
2024-07-13 18:45:43,043 - Is game matched result for player2: (true, "Game matched")
2024-07-13 18:45:43,043 - Match found! Ending search.
2024-07-13 18:45:43,043 - Sending statistics for match ID: 16 for player4
2024-07-13 18:45:43,049 - Command: dfx identity use player4
2024-07-13 18:45:43,049 - Constructed command: dfx canister call cosmicrafts saveFinishedGame '(16, record {botDifficulty = 2; botMode = 4; characterID = "character4"; damageCritic = 22505.561484754515; damageDealt = 4510.603332455166; damageEvaded = 4532.04594691573; damageTaken = 8935.007446055508; deploys = 51.7947730728273; energyChargeRate = 125.9913619765047; energyGenerated = 111.0; energyUsed = 88.15568749488239; energyWasted = 111.46171429577174; faction = 4; gameMode = 0; kills = 218.50984835347123; secRemaining = 114.0; wonGame = false; xpEarned = 14421.002630369423; })'
2024-07-13 18:45:44,555 - Command: dfx canister call cosmicrafts saveFinishedGame '(16, record {botDifficulty = 2; botMode = 4; characterID = "character4"; damageCritic = 22505.561484754515; damageDealt = 4510.603332455166; damageEvaded = 4532.04594691573; damageTaken = 8935.007446055508; deploys = 51.7947730728273; energyChargeRate = 125.9913619765047; energyGenerated = 111.0; energyUsed = 88.15568749488239; energyWasted = 111.46171429577174; faction = 4; gameMode = 0; kills = 218.50984835347123; secRemaining = 114.0; wonGame = false; xpEarned = 14421.002630369423; })'
2024-07-13 18:45:44,555 - Output: (true, "Game saved")
2024-07-13 18:45:44,555 - Sending statistics for match ID: 16 for player2
2024-07-13 18:45:44,585 - Command: dfx identity use player2
2024-07-13 18:45:44,585 - Constructed command: dfx canister call cosmicrafts saveFinishedGame '(16, record {botDifficulty = 1; botMode = 4; characterID = "character4"; damageCritic = 5530.615719879233; damageDealt = 13885.918824831195; damageEvaded = 5574.7974330205625; damageTaken = 6922.2838355012045; deploys = 142.93845289696725; energyChargeRate = 109.7442544971345; energyGenerated = 111.0; energyUsed = 196.20580479466844; energyWasted = 46.73809034360869; faction = 0; gameMode = 2; kills = 112.43646411978936; secRemaining = 114.0; wonGame = false; xpEarned = 7265.587973553188; })'
2024-07-13 18:45:47,122 - Command: dfx canister call cosmicrafts saveFinishedGame '(16, record {botDifficulty = 1; botMode = 4; characterID = "character4"; damageCritic = 5530.615719879233; damageDealt = 13885.918824831195; damageEvaded = 5574.7974330205625; damageTaken = 6922.2838355012045; deploys = 142.93845289696725; energyChargeRate = 109.7442544971345; energyGenerated = 111.0; energyUsed = 196.20580479466844; energyWasted = 46.73809034360869; faction = 0; gameMode = 2; kills = 112.43646411978936; secRemaining = 114.0; wonGame = false; xpEarned = 7265.587973553188; })'
2024-07-13 18:45:47,122 - Output: (true, "NO REWARDS FOUND FOR THIS USER - Game saved")
2024-07-13 18:45:47,123 - player8 starts searching for a match
2024-07-13 18:45:47,149 - Command: dfx identity use player8
2024-07-13 18:45:48,214 - Command: dfx canister call cosmicrafts getMatchSearching '{"userAvatar": 1, "listSavedKeys": []}'
2024-07-13 18:45:48,215 - Output: (variant { Assigned }, 17 : nat, "Lobby created")
2024-07-13 18:45:48,215 - player8 search result: (variant { Assigned }, 17 : nat, "Lobby created")
2024-07-13 18:45:48,232 - Command: dfx identity use player8
2024-07-13 18:45:49,790 - Command: dfx canister call cosmicrafts setPlayerActive
2024-07-13 18:45:49,790 - Output: (true)
2024-07-13 18:45:49,790 - player8 active result: (true)
2024-07-13 18:45:49,790 - player10 starts searching for a match
2024-07-13 18:45:49,820 - Command: dfx identity use player10
2024-07-13 18:45:51,296 - Command: dfx canister call cosmicrafts getMatchSearching '{"userAvatar": 1, "listSavedKeys": []}'
2024-07-13 18:45:51,297 - Output: (variant { Assigned }, 17 : nat, "Game found")
2024-07-13 18:45:51,297 - player10 search result: (variant { Assigned }, 17 : nat, "Game found")
2024-07-13 18:45:51,323 - Command: dfx identity use player10
2024-07-13 18:45:53,542 - Command: dfx canister call cosmicrafts setPlayerActive
2024-07-13 18:45:53,542 - Output: (false)
2024-07-13 18:45:53,542 - player10 active result: (false)
2024-07-13 18:45:53,569 - Command: dfx identity use player8
2024-07-13 18:45:53,612 - Command: dfx canister call cosmicrafts isGameMatched
2024-07-13 18:45:53,612 - Output: (true, "Game matched")
2024-07-13 18:45:53,620 - Command: dfx identity use player10
2024-07-13 18:45:53,657 - Command: dfx canister call cosmicrafts isGameMatched
2024-07-13 18:45:53,657 - Output: (true, "Game matched")
2024-07-13 18:45:53,657 - Is game matched result for player8: (true, "Game matched")
2024-07-13 18:45:53,657 - Is game matched result for player10: (true, "Game matched")
2024-07-13 18:45:53,657 - Match found! Ending search.
2024-07-13 18:45:53,657 - Sending statistics for match ID: 17 for player8
2024-07-13 18:45:53,666 - Command: dfx identity use player8
2024-07-13 18:45:53,666 - Constructed command: dfx canister call cosmicrafts saveFinishedGame '(17, record {botDifficulty = 3; botMode = 3; characterID = "character3"; damageCritic = 8003.820042091008; damageDealt = 2904.1721108906095; damageEvaded = 1186.3783335935345; damageTaken = 7485.951322606847; deploys = 135.3174525925761; energyChargeRate = 39.33069960952224; energyGenerated = 107.0; energyUsed = 108.92210523072669; energyWasted = 151.84207750242032; faction = 4; gameMode = 4; kills = 143.88180135469403; secRemaining = 283.0; wonGame = false; xpEarned = 11398.18965575634; })'
2024-07-13 18:45:55,126 - Command: dfx canister call cosmicrafts saveFinishedGame '(17, record {botDifficulty = 3; botMode = 3; characterID = "character3"; damageCritic = 8003.820042091008; damageDealt = 2904.1721108906095; damageEvaded = 1186.3783335935345; damageTaken = 7485.951322606847; deploys = 135.3174525925761; energyChargeRate = 39.33069960952224; energyGenerated = 107.0; energyUsed = 108.92210523072669; energyWasted = 151.84207750242032; faction = 4; gameMode = 4; kills = 143.88180135469403; secRemaining = 283.0; wonGame = false; xpEarned = 11398.18965575634; })'
2024-07-13 18:45:55,127 - Output: (true, "Game saved")
2024-07-13 18:45:55,127 - Sending statistics for match ID: 17 for player10
2024-07-13 18:45:55,153 - Command: dfx identity use player10
2024-07-13 18:45:55,154 - Constructed command: dfx canister call cosmicrafts saveFinishedGame '(17, record {botDifficulty = 3; botMode = 4; characterID = "character2"; damageCritic = 3827.629009433437; damageDealt = 9591.17779575381; damageEvaded = 23300.746125009573; damageTaken = 8900.812871160524; deploys = 137.71514342685663; energyChargeRate = 153.4362915142707; energyGenerated = 107.0; energyUsed = 58.53040911012961; energyWasted = 54.66800397283937; faction = 5; gameMode = 0; kills = 54.225607711515465; secRemaining = 283.0; wonGame = false; xpEarned = 6377.259784287565; })'
2024-07-13 18:45:56,431 - Command: dfx canister call cosmicrafts saveFinishedGame '(17, record {botDifficulty = 3; botMode = 4; characterID = "character2"; damageCritic = 3827.629009433437; damageDealt = 9591.17779575381; damageEvaded = 23300.746125009573; damageTaken = 8900.812871160524; deploys = 137.71514342685663; energyChargeRate = 153.4362915142707; energyGenerated = 107.0; energyUsed = 58.53040911012961; energyWasted = 54.66800397283937; faction = 5; gameMode = 0; kills = 54.225607711515465; secRemaining = 283.0; wonGame = false; xpEarned = 6377.259784287565; })'
2024-07-13 18:45:56,432 - Output: (true, "NO REWARDS FOUND FOR THIS USER - Game saved")
2024-07-13 18:45:56,432 - Finished 5 matches. Looping...
