2024-07-12 19:23:05,677 - Switching to identity player1
2024-07-12 19:23:05,686 - Command: dfx identity use player1
2024-07-12 19:23:07,585 - Command: dfx canister call cosmicrafts registerUser '("ciybpvssqejc", 10)'
2024-07-12 19:23:07,585 - Output: (
  false,
  principal "mn5iu-4ncje-ws6p5-ztjz4-7j7a3-xdkvf-hqzz7-qogk7-62pp5-7s3rl-vqe",
)
2024-07-12 19:23:07,585 - Switching to identity player2
2024-07-12 19:23:07,592 - Command: dfx identity use player2
2024-07-12 19:23:08,558 - Command: dfx canister call cosmicrafts registerUser '("ahkuommuaubl", 31)'
2024-07-12 19:23:08,558 - Output: (
  false,
  principal "6pj2j-ccuip-744eo-4odjh-rhyeb-i3ctv-xc3ru-vkkfa-fjubh-33olq-qae",
)
2024-07-12 19:23:08,558 - Switching to identity player3
2024-07-12 19:23:08,565 - Command: dfx identity use player3
2024-07-12 19:23:10,534 - Command: dfx canister call cosmicrafts registerUser '("yantacdarmzd", 29)'
2024-07-12 19:23:10,534 - Output: (
  false,
  principal "udu2i-qpmth-clt4p-cql4d-y2hi6-fci2t-kadbj-5io6q-pt6ny-d6hye-kqe",
)
2024-07-12 19:23:10,534 - Switching to identity player4
2024-07-12 19:23:10,540 - Command: dfx identity use player4
2024-07-12 19:23:11,832 - Command: dfx canister call cosmicrafts registerUser '("owgbwqbxeevp", 10)'
2024-07-12 19:23:11,832 - Output: (
  false,
  principal "pjcea-ebuwa-e2hhf-ec7dd-k7rgw-o6ikl-xhsdh-xkpio-5dyk7-m4w5c-tae",
)
2024-07-12 19:23:11,832 - Switching to identity player5
2024-07-12 19:23:11,839 - Command: dfx identity use player5
2024-07-12 19:23:13,038 - Command: dfx canister call cosmicrafts registerUser '("nxgbfaqoumqj", 29)'
2024-07-12 19:23:13,038 - Output: (
  false,
  principal "xgukz-lyqa2-uaq4b-bhkvz-5e3fs-3bx6o-af2py-fim3c-djc44-yhhzc-4ae",
)
2024-07-12 19:23:13,038 - Switching to identity player6
2024-07-12 19:23:13,045 - Command: dfx identity use player6
2024-07-12 19:23:14,491 - Command: dfx canister call cosmicrafts registerUser '("yhkkiofywemb", 3)'
2024-07-12 19:23:14,491 - Output: (
  false,
  principal "yumhx-xrmg4-ceupy-3ijpv-uzmxj-ghdfx-j6e6d-3532g-x2mzx-ofwrh-4qe",
)
2024-07-12 19:23:14,491 - Switching to identity player7
2024-07-12 19:23:14,497 - Command: dfx identity use player7
2024-07-12 19:23:15,736 - Command: dfx canister call cosmicrafts registerUser '("hbpebmeajyof", 16)'
2024-07-12 19:23:15,736 - Output: (
  false,
  principal "u27n5-2c5ef-ackpa-jyrs5-yyzkp-dukw4-p2ma5-4rmb7-a7tv6-rw42b-sqe",
)
2024-07-12 19:23:15,736 - Switching to identity player8
2024-07-12 19:23:15,742 - Command: dfx identity use player8
2024-07-12 19:23:17,361 - Command: dfx canister call cosmicrafts registerUser '("fxgmvbspjjrg", 32)'
2024-07-12 19:23:17,361 - Output: (
  false,
  principal "u5clb-edy3l-xi7wd-6l2jq-xk5bp-2t4eh-3hut6-r5svq-6qqoc-d4npk-mae",
)
2024-07-12 19:23:17,361 - Switching to identity player9
2024-07-12 19:23:17,368 - Command: dfx identity use player9
2024-07-12 19:23:19,609 - Command: dfx canister call cosmicrafts registerUser '("mxxmfisqxrzr", 9)'
2024-07-12 19:23:19,609 - Output: (
  false,
  principal "vprmx-skch2-lpter-zjlzm-yymzl-6t7yu-yqokk-3khkx-73gzz-pi57f-cqe",
)
2024-07-12 19:23:19,609 - Switching to identity player10
2024-07-12 19:23:19,617 - Command: dfx identity use player10
2024-07-12 19:23:20,829 - Command: dfx canister call cosmicrafts registerUser '("gackcwmdpvvx", 23)'
2024-07-12 19:23:20,829 - Output: (
  false,
  principal "jk4at-pt2hi-weyq6-xgshn-7ofm2-fag6z-7npgt-pfbwf-iomah-voxgc-oqe",
)
2024-07-12 19:23:20,829 - Switching to identity player11
2024-07-12 19:23:20,837 - Command: dfx identity use player11
2024-07-12 19:23:22,366 - Command: dfx canister call cosmicrafts registerUser '("ddspsrcmnmit", 33)'
2024-07-12 19:23:22,366 - Output: (
  false,
  principal "owq2d-74g4m-fgfuv-edarv-4me7r-zutsu-ifayi-yvada-drs2n-a32sm-pae",
)
2024-07-12 19:23:22,366 - Switching to identity player12
2024-07-12 19:23:22,373 - Command: dfx identity use player12
2024-07-12 19:23:23,940 - Command: dfx canister call cosmicrafts registerUser '("dvbywvveioag", 27)'
2024-07-12 19:23:23,940 - Output: (
  false,
  principal "3qzhe-sszds-j2e4l-xlobi-x3jze-pvz7o-g2scw-opocm-tmjjv-hakpz-uqe",
)
2024-07-12 19:23:23,940 - Switching to identity player13
2024-07-12 19:23:23,949 - Command: dfx identity use player13
2024-07-12 19:23:25,816 - Command: dfx canister call cosmicrafts registerUser '("bxmpbbkjfnsw", 20)'
2024-07-12 19:23:25,816 - Output: (
  false,
  principal "pekaq-s2b4u-boguu-m6237-bsprn-obpu3-e7tdc-5ptst-vjn7s-crbkg-eae",
)
2024-07-12 19:23:25,816 - Switching to identity player14
2024-07-12 19:23:25,822 - Command: dfx identity use player14
2024-07-12 19:23:27,137 - Command: dfx canister call cosmicrafts registerUser '("ulsqscugfwvl", 27)'
2024-07-12 19:23:27,138 - Output: (
  false,
  principal "5mixo-jd2qz-rgdby-5ymy3-fz5va-okspk-7nknc-vqw2k-huoqg-fa3h7-fqe",
)
2024-07-12 19:23:27,138 - Switching to identity player15
2024-07-12 19:23:27,145 - Command: dfx identity use player15
2024-07-12 19:23:29,719 - Command: dfx canister call cosmicrafts registerUser '("ndbnpbuvtkvo", 15)'
2024-07-12 19:23:29,719 - Output: (
  false,
  principal "uj5fm-dqha5-odcky-h6ye7-rdqhu-eckgn-wjzdz-q6vev-a2b6c-goyvd-qae",
)
2024-07-12 19:23:29,719 - Switching to identity player16
2024-07-12 19:23:29,727 - Command: dfx identity use player16
2024-07-12 19:23:31,240 - Command: dfx canister call cosmicrafts registerUser '("gpvfixjpppnn", 33)'
2024-07-12 19:23:31,240 - Output: (
  false,
  principal "mgqbe-shk2y-y7tsy-ysdmj-fj7aa-3inyq-um52k-zd52m-yr5ob-uye4f-3ae",
)
2024-07-12 19:23:31,240 - Switching to identity player17
2024-07-12 19:23:31,248 - Command: dfx identity use player17
2024-07-12 19:23:32,867 - Command: dfx canister call cosmicrafts registerUser '("mndepgtmxaoh", 11)'
2024-07-12 19:23:32,867 - Output: (
  false,
  principal "o6oqo-qj2hc-utbuv-ff324-uzsup-vfyha-pfxlj-tl424-r3itv-rve3d-oae",
)
2024-07-12 19:23:32,867 - Switching to identity player18
2024-07-12 19:23:32,875 - Command: dfx identity use player18
2024-07-12 19:23:34,758 - Command: dfx canister call cosmicrafts registerUser '("wlhijzhyakqr", 31)'
2024-07-12 19:23:34,759 - Output: (
  false,
  principal "vubuv-57ljt-w75cm-k3li5-wfiwp-bjj2i-qaqlb-mpqen-al3j6-wh7ky-4qe",
)
2024-07-12 19:23:34,759 - Switching to identity player19
2024-07-12 19:23:34,766 - Command: dfx identity use player19
2024-07-12 19:23:36,149 - Command: dfx canister call cosmicrafts registerUser '("tmxcmzkmmfem", 33)'
2024-07-12 19:23:36,149 - Output: (
  false,
  principal "ka7w4-lj65x-bgaan-azasz-nlyzi-mkpk5-f7cie-g6a72-zjsgw-i5nsl-iqe",
)
2024-07-12 19:23:36,149 - Switching to identity player20
2024-07-12 19:23:36,156 - Command: dfx identity use player20
2024-07-12 19:23:37,858 - Command: dfx canister call cosmicrafts registerUser '("inaqkrdyfrfb", 21)'
2024-07-12 19:23:37,858 - Output: (
  false,
  principal "evouz-6wuxv-ql7km-ef6h7-lxew4-s7yzc-f2zby-toqmm-i4jl5-ibm3o-vqe",
)
2024-07-12 19:23:37,858 - Switching to identity player21
2024-07-12 19:23:37,866 - Command: dfx identity use player21
2024-07-12 19:23:39,027 - Command: dfx canister call cosmicrafts registerUser '("ihmuacbzayhm", 22)'
2024-07-12 19:23:39,027 - Output: (
  false,
  principal "txhx4-crbsp-pkgfn-kjuaq-eggua-wlph7-k4sal-27mkz-rtd2z-p3q6q-tqe",
)
2024-07-12 19:23:39,027 - Switching to identity player22
2024-07-12 19:23:39,034 - Command: dfx identity use player22
2024-07-12 19:23:40,774 - Command: dfx canister call cosmicrafts registerUser '("nrjkjiqtuhvj", 10)'
2024-07-12 19:23:40,774 - Output: (
  false,
  principal "u6yrt-s5eon-ckg2h-td6it-aak3c-n2e3r-rtdpz-hbldf-gszer-csvqv-rqe",
)
2024-07-12 19:23:40,774 - Switching to identity player23
2024-07-12 19:23:40,781 - Command: dfx identity use player23
2024-07-12 19:23:42,467 - Command: dfx canister call cosmicrafts registerUser '("mkmambhndpvs", 32)'
2024-07-12 19:23:42,467 - Output: (
  false,
  principal "kfz3y-ov3tz-ebmsj-wmce6-qariq-l3tw5-zvx7h-rmh4n-dh2kj-qk2j2-fqe",
)
2024-07-12 19:23:42,467 - Switching to identity player24
2024-07-12 19:23:42,474 - Command: dfx identity use player24
2024-07-12 19:23:43,895 - Command: dfx canister call cosmicrafts registerUser '("jsplwhelsadr", 12)'
2024-07-12 19:23:43,895 - Output: (
  false,
  principal "gtbnr-i3cf3-phbvp-jxnxs-u2vgv-wny4j-xbm33-oalnn-a6chb-wer2p-aqe",
)
2024-07-12 19:23:43,895 - Switching to identity player25
2024-07-12 19:23:43,901 - Command: dfx identity use player25
2024-07-12 19:23:46,186 - Command: dfx canister call cosmicrafts registerUser '("jtfeebwyxngi", 33)'
2024-07-12 19:23:46,186 - Output: (
  false,
  principal "ncabm-nqgx4-d5nmp-kmwkx-u7egt-c7icj-cot7k-3urgk-btmik-sy6ge-6qe",
)
2024-07-12 19:23:46,186 - Switching to identity player26
2024-07-12 19:23:46,196 - Command: dfx identity use player26
2024-07-12 19:23:48,075 - Command: dfx canister call cosmicrafts registerUser '("shcaaffcsngg", 25)'
2024-07-12 19:23:48,075 - Output: (
  false,
  principal "a4hnj-ygery-rp6ia-jrm2h-s3kq2-kwi67-e6byv-yyx2e-vvwps-7gieg-6ae",
)
2024-07-12 19:23:48,075 - Switching to identity player27
2024-07-12 19:23:48,084 - Command: dfx identity use player27
2024-07-12 19:23:49,234 - Command: dfx canister call cosmicrafts registerUser '("hyampakrkvee", 18)'
2024-07-12 19:23:49,234 - Output: (
  false,
  principal "qp3ff-tq5br-swuyl-q37qt-hsbkd-xbczh-kxu6m-bbnzh-yxc6w-5ibuc-dqe",
)
2024-07-12 19:23:49,234 - Switching to identity player28
2024-07-12 19:23:49,240 - Command: dfx identity use player28
2024-07-12 19:23:51,914 - Command: dfx canister call cosmicrafts registerUser '("gugnkdvyyapn", 19)'
2024-07-12 19:23:51,914 - Output: (
  false,
  principal "ycew7-zxh6x-rhoqm-c7m45-smuos-v6zx7-q2nyk-w4da7-bo5x5-ng3lm-yqe",
)
2024-07-12 19:23:51,914 - Switching to identity player29
2024-07-12 19:23:51,921 - Command: dfx identity use player29
2024-07-12 19:23:53,886 - Command: dfx canister call cosmicrafts registerUser '("vzcntqabszgf", 33)'
2024-07-12 19:23:53,886 - Output: (
  false,
  principal "shn2m-u5oew-afhsy-csa55-wlzxd-ccywp-brj2r-f2elg-ibowp-j34sj-kae",
)
2024-07-12 19:23:53,886 - Switching to identity player30
2024-07-12 19:23:53,892 - Command: dfx identity use player30
2024-07-12 19:23:55,884 - Command: dfx canister call cosmicrafts registerUser '("hxprwcjatgjc", 18)'
2024-07-12 19:23:55,885 - Output: (
  false,
  principal "xnv5l-xu4fd-kjhgz-zjk6v-vmik2-5rclv-5mhyg-zfajh-vpbfg-5bzab-kqe",
)
2024-07-12 19:23:55,885 - Switching to identity player31
2024-07-12 19:23:55,901 - Command: dfx identity use player31
2024-07-12 19:23:57,258 - Command: dfx canister call cosmicrafts registerUser '("fhiexdyjjowo", 16)'
2024-07-12 19:23:57,259 - Output: (
  false,
  principal "v62nj-jm5iy-7u2ms-ufvbm-3yxuj-nvash-ooily-azilg-mhgry-al4fg-oae",
)
2024-07-12 19:23:57,259 - Switching to identity player32
2024-07-12 19:23:57,287 - Command: dfx identity use player32
2024-07-12 19:23:59,627 - Command: dfx canister call cosmicrafts registerUser '("vuqkwrqeleik", 11)'
2024-07-12 19:23:59,627 - Output: (
  false,
  principal "v24fm-xvopw-5poti-eoqq7-a4t2o-k6ngq-5aldc-ng24b-q4hnd-li2lo-kae",
)
2024-07-12 19:23:59,627 - Switching to identity player33
2024-07-12 19:23:59,640 - Command: dfx identity use player33
2024-07-12 19:24:01,473 - Command: dfx canister call cosmicrafts registerUser '("pvegiyyyzseh", 7)'
2024-07-12 19:24:01,474 - Output: (
  false,
  principal "jcadj-ynlhz-stovg-w4562-acutq-3z7bd-zzrr2-wxksm-cfhpl-i57z7-iqe",
)
2024-07-12 19:24:01,474 - Switching to identity player34
2024-07-12 19:24:01,503 - Command: dfx identity use player34
2024-07-12 19:24:02,583 - Command: dfx canister call cosmicrafts registerUser '("hsdmtssaqkdo", 27)'
2024-07-12 19:24:02,583 - Output: (
  false,
  principal "vkk3w-bsbgb-rj64d-s4tzl-topvt-rtn3p-q4s5g-przyh-j4ada-idgpu-pae",
)
2024-07-12 19:24:02,583 - Switching to identity player35
2024-07-12 19:24:02,589 - Command: dfx identity use player35
2024-07-12 19:24:05,072 - Command: dfx canister call cosmicrafts registerUser '("zyvcywtewnmd", 8)'
2024-07-12 19:24:05,072 - Output: (
  false,
  principal "nr7bk-3upug-75ekz-uu25l-ihfhb-ihb7h-pbnj6-jqwta-iqeu5-pxkmf-qqe",
)
2024-07-12 19:24:05,072 - Switching to identity player36
2024-07-12 19:24:05,086 - Command: dfx identity use player36
2024-07-12 19:24:07,167 - Command: dfx canister call cosmicrafts registerUser '("ezvlwmbwcqpe", 19)'
2024-07-12 19:24:07,167 - Output: (
  false,
  principal "epjff-qdwdv-taphs-lkypa-awodi-5yiow-5cpah-vgfif-crx7b-46bro-eae",
)
2024-07-12 19:24:07,167 - Switching to identity player37
2024-07-12 19:24:07,191 - Command: dfx identity use player37
2024-07-12 19:24:09,358 - Command: dfx canister call cosmicrafts registerUser '("wsabzzafngdf", 14)'
2024-07-12 19:24:09,358 - Output: (
  false,
  principal "ipsw7-pv5c7-lcefv-6jxpd-svxhr-ugouk-qtdxt-72b2d-bym5s-h46eo-fae",
)
2024-07-12 19:24:09,358 - Switching to identity player38
2024-07-12 19:24:09,388 - Command: dfx identity use player38
2024-07-12 19:24:11,563 - Command: dfx canister call cosmicrafts registerUser '("kpmeqnzygfcp", 27)'
2024-07-12 19:24:11,563 - Output: (
  false,
  principal "zq4ef-3dr5n-ncg4f-ca4da-x6ajb-jsgou-alfaw-iqqne-hrhnk-xkb7b-bae",
)
2024-07-12 19:24:11,563 - Switching to identity player39
2024-07-12 19:24:11,590 - Command: dfx identity use player39
2024-07-12 19:24:13,033 - Command: dfx canister call cosmicrafts registerUser '("vsfbudbmnxtk", 6)'
2024-07-12 19:24:13,034 - Output: (
  false,
  principal "c7ry7-2eneg-jzq3w-grzgp-7d7yn-qrvoq-cfpyp-23hof-4l7bm-6gng7-jqe",
)
2024-07-12 19:24:13,034 - Switching to identity player40
2024-07-12 19:24:13,061 - Command: dfx identity use player40
2024-07-12 19:24:14,252 - Command: dfx canister call cosmicrafts registerUser '("bmcsbzrugbfg", 20)'
2024-07-12 19:24:14,253 - Output: (
  false,
  principal "ck36p-qrmmx-bv6cl-cqhtt-nwm4s-alf62-qkjpr-xoyer-srabs-zz3bt-rae",
)
2024-07-12 19:24:14,253 - Switching to identity player41
2024-07-12 19:24:14,281 - Command: dfx identity use player41
2024-07-12 19:24:15,624 - Command: dfx canister call cosmicrafts registerUser '("furhzqpbnckc", 27)'
2024-07-12 19:24:15,624 - Output: (
  false,
  principal "fsilc-y4mmd-upxgq-qk6s6-pcexy-llxhb-z5qdu-d6tg7-ckrmg-gwybx-mae",
)
2024-07-12 19:24:15,625 - Switching to identity player42
2024-07-12 19:24:15,650 - Command: dfx identity use player42
2024-07-12 19:24:16,945 - Command: dfx canister call cosmicrafts registerUser '("bvaytnibuxvo", 23)'
2024-07-12 19:24:16,945 - Output: (
  false,
  principal "4g4mp-rclqv-njedx-3of5e-itv3q-i2j4v-w3biz-wu3ud-7byw2-at7ei-uqe",
)
2024-07-12 19:24:16,945 - Switching to identity player43
2024-07-12 19:24:16,966 - Command: dfx identity use player43
2024-07-12 19:24:19,498 - Command: dfx canister call cosmicrafts registerUser '("aenilghdrptr", 28)'
2024-07-12 19:24:19,498 - Output: (
  false,
  principal "uknio-u42pn-x3432-m4rhj-hbpic-x2egy-znnnp-y6axp-axeeo-wq6lh-oqe",
)
2024-07-12 19:24:19,498 - Switching to identity player44
2024-07-12 19:24:19,526 - Command: dfx identity use player44
2024-07-12 19:24:21,681 - Command: dfx canister call cosmicrafts registerUser '("heqkxanprkqe", 22)'
2024-07-12 19:24:21,682 - Output: (
  false,
  principal "3ue5s-glbv3-ewxfa-sr3p7-uiyf6-ymkau-hgriu-5lbms-uwh7t-xsx7n-5ae",
)
2024-07-12 19:24:21,682 - Switching to identity player45
2024-07-12 19:24:21,711 - Command: dfx identity use player45
2024-07-12 19:24:22,931 - Command: dfx canister call cosmicrafts registerUser '("youunrzptzcu", 24)'
2024-07-12 19:24:22,931 - Output: (
  false,
  principal "ramme-qmxcj-ynbyu-rd2az-w3rnk-flh36-psyya-xub4c-6sy6f-buuyu-fae",
)
2024-07-12 19:24:22,931 - Switching to identity player46
2024-07-12 19:24:22,939 - Command: dfx identity use player46
2024-07-12 19:24:24,227 - Command: dfx canister call cosmicrafts registerUser '("ygfhsoaxpapg", 33)'
2024-07-12 19:24:24,227 - Output: (
  false,
  principal "vcow7-4dwwf-n6wyi-zfxpo-jpbg2-vlt65-fsqz3-crjsj-6umby-akwlp-wae",
)
2024-07-12 19:24:24,228 - Switching to identity player47
2024-07-12 19:24:24,249 - Command: dfx identity use player47
2024-07-12 19:24:26,619 - Command: dfx canister call cosmicrafts registerUser '("rqfunwnpsakl", 5)'
2024-07-12 19:24:26,619 - Output: (
  false,
  principal "oh7pk-cofap-3bwbd-op74g-wnout-e6vra-ctoy5-rhvfz-4kjrq-o3aa2-hae",
)
2024-07-12 19:24:26,619 - Switching to identity player48
2024-07-12 19:24:26,646 - Command: dfx identity use player48
2024-07-12 19:24:27,881 - Command: dfx canister call cosmicrafts registerUser '("grnmaztgsjtt", 11)'
2024-07-12 19:24:27,881 - Output: (
  false,
  principal "yggl6-mrerf-xdyxx-sbgi5-tfepx-2ir6p-jrwb3-4qmsq-wjafc-q25il-cae",
)
2024-07-12 19:24:27,881 - Switching to identity player49
2024-07-12 19:24:27,910 - Command: dfx identity use player49
2024-07-12 19:24:29,242 - Command: dfx canister call cosmicrafts registerUser '("qojeeztixwkn", 11)'
2024-07-12 19:24:29,242 - Output: (
  false,
  principal "mrjwq-jfzmy-uyp7s-dudak-ug5uc-wn4uu-vneea-7x63q-juhnv-efz6o-kae",
)
2024-07-12 19:24:29,242 - Switching to identity player50
2024-07-12 19:24:29,269 - Command: dfx identity use player50
2024-07-12 19:24:30,529 - Command: dfx canister call cosmicrafts registerUser '("oqsmlwpohnro", 10)'
2024-07-12 19:24:30,529 - Output: (
  false,
  principal "uhurx-25u26-e3qv2-rbjc7-qycnu-hhwcf-2yrsb-azlz7-6vjma-l6pl4-3ae",
)
2024-07-12 19:24:30,529 - Switching to identity player51
2024-07-12 19:24:30,535 - Command: dfx identity use player51
2024-07-12 19:24:32,233 - Command: dfx canister call cosmicrafts registerUser '("yuoaayokcyke", 3)'
2024-07-12 19:24:32,233 - Output: (
  false,
  principal "2zffs-hprqn-6wiv5-mhj54-jw7gp-7mr5i-j7w6v-s2uhz-qin37-lyw2w-cae",
)
2024-07-12 19:24:32,234 - Switching to identity player52
2024-07-12 19:24:32,262 - Command: dfx identity use player52
2024-07-12 19:24:33,880 - Command: dfx canister call cosmicrafts registerUser '("bszjgrtxrtmq", 30)'
2024-07-12 19:24:33,880 - Output: (
  false,
  principal "tq2fk-tzh4c-455zy-lb6mj-xchoy-lzrlv-aogup-h5mli-nnzdq-5vuww-6ae",
)
2024-07-12 19:24:33,881 - Switching to identity player53
2024-07-12 19:24:33,897 - Command: dfx identity use player53
2024-07-12 19:24:36,009 - Command: dfx canister call cosmicrafts registerUser '("drivtrjothqq", 23)'
2024-07-12 19:24:36,009 - Output: (
  false,
  principal "il3tb-oiprz-njrrz-rmelk-fiev3-h6l7c-r3kxf-7hnxt-7d5j7-mp77e-7qe",
)
2024-07-12 19:24:36,009 - Switching to identity player54
2024-07-12 19:24:36,036 - Command: dfx identity use player54
2024-07-12 19:24:37,410 - Command: dfx canister call cosmicrafts registerUser '("prhpvwsgnivz", 31)'
2024-07-12 19:24:37,411 - Output: (
  false,
  principal "pqlem-56hvj-azzvt-ovdty-gyyt3-a75zf-oh6ln-knq4h-xiseh-tiidm-pae",
)
2024-07-12 19:24:37,411 - Switching to identity player55
2024-07-12 19:24:37,434 - Command: dfx identity use player55
2024-07-12 19:24:38,969 - Command: dfx canister call cosmicrafts registerUser '("ozdjfjanilbx", 28)'
2024-07-12 19:24:38,970 - Output: (
  false,
  principal "tdcd6-ocj5q-rv75x-rfhzq-62kkv-4vgyf-ye2ci-lfq46-onafx-m44kb-yae",
)
2024-07-12 19:24:38,970 - Switching to identity player56
2024-07-12 19:24:38,990 - Command: dfx identity use player56
2024-07-12 19:24:40,495 - Command: dfx canister call cosmicrafts registerUser '("vsyabiwwhhqp", 21)'
2024-07-12 19:24:40,496 - Output: (
  false,
  principal "fp5z6-qjebg-fzjt5-rxsri-bb2tq-zedjl-7nkmz-h5fca-hn2x4-esttl-kae",
)
2024-07-12 19:24:40,496 - Switching to identity player57
2024-07-12 19:24:40,524 - Command: dfx identity use player57
2024-07-12 19:24:41,801 - Command: dfx canister call cosmicrafts registerUser '("tbzvbiibvitm", 10)'
2024-07-12 19:24:41,802 - Output: (
  false,
  principal "sdpdl-ggsqe-z3pox-e5jyy-mfly3-l7dwm-xqkpd-72qvz-fqdyr-zuakc-pae",
)
2024-07-12 19:24:41,802 - Switching to identity player58
2024-07-12 19:24:41,828 - Command: dfx identity use player58
2024-07-12 19:24:43,263 - Command: dfx canister call cosmicrafts registerUser '("kbfjutzwgtip", 1)'
2024-07-12 19:24:43,263 - Output: (
  false,
  principal "ywuwg-sf5ql-e6mpg-d27q5-q6rxb-xhylr-vqqkt-ty6xr-b7cg4-te4m3-mae",
)
2024-07-12 19:24:43,263 - Switching to identity player59
2024-07-12 19:24:43,278 - Command: dfx identity use player59
2024-07-12 19:24:44,929 - Command: dfx canister call cosmicrafts registerUser '("fqcwsmeiwydi", 14)'
2024-07-12 19:24:44,929 - Output: (
  false,
  principal "4oapr-3f3bc-mimrg-ok6w7-2b2q6-svggm-vtwhp-kv2va-ixvlx-fr46j-kqe",
)
2024-07-12 19:24:44,929 - Switching to identity player60
2024-07-12 19:24:44,937 - Command: dfx identity use player60
2024-07-12 19:24:46,462 - Command: dfx canister call cosmicrafts registerUser '("jaupmytixntu", 32)'
2024-07-12 19:24:46,462 - Output: (
  false,
  principal "ui4tr-5uaoe-aquke-pmkkd-wydwl-k2h5q-glbu2-hdm3g-4ib47-57vte-fqe",
)
2024-07-12 19:24:46,462 - Switching to identity player61
2024-07-12 19:24:46,486 - Command: dfx identity use player61
2024-07-12 19:24:48,222 - Command: dfx canister call cosmicrafts registerUser '("iynpbkhnxept", 9)'
2024-07-12 19:24:48,222 - Output: (
  false,
  principal "l3pbq-qb6v6-r2dnm-zzj47-hcyox-f2gcx-odjiy-nnbk6-bhwj7-xesgz-sae",
)
2024-07-12 19:24:48,222 - Switching to identity player62
2024-07-12 19:24:48,234 - Command: dfx identity use player62
2024-07-12 19:24:50,529 - Command: dfx canister call cosmicrafts registerUser '("dozroljtjzty", 13)'
2024-07-12 19:24:50,530 - Output: (
  false,
  principal "2ibpe-2bbrd-jsrrr-k6ifg-kux5l-gg43r-dg5iw-l5jjc-i22fo-qzs5j-lae",
)
2024-07-12 19:24:50,530 - Switching to identity player63
2024-07-12 19:24:50,541 - Command: dfx identity use player63
2024-07-12 19:24:52,106 - Command: dfx canister call cosmicrafts registerUser '("vnmljrjrdfxn", 14)'
2024-07-12 19:24:52,106 - Output: (
  false,
  principal "jfbzl-tnnxt-tlaro-ttdj5-ozjhz-xkpx3-v5am3-pvl3r-oozdb-cnuae-vae",
)
2024-07-12 19:24:52,106 - Switching to identity player64
2024-07-12 19:24:52,119 - Command: dfx identity use player64
2024-07-12 19:24:53,683 - Command: dfx canister call cosmicrafts registerUser '("nvchxttywuzu", 5)'
2024-07-12 19:24:53,683 - Output: (
  false,
  principal "yfha5-tld7y-yiq2n-3gzln-ifrm2-3yuvy-omnh5-srh5c-b7f3c-ay4o5-fae",
)
2024-07-12 19:24:53,683 - Switching to identity player65
2024-07-12 19:24:53,698 - Command: dfx identity use player65
2024-07-12 19:24:55,989 - Command: dfx canister call cosmicrafts registerUser '("lyyqdeknirak", 30)'
2024-07-12 19:24:55,989 - Output: (
  false,
  principal "jwmxv-cbi7l-bvl7z-i7fjh-4ma3i-jreg5-aflgr-eae2n-fbknw-snb67-uae",
)
2024-07-12 19:24:55,989 - Switching to identity player66
2024-07-12 19:24:56,016 - Command: dfx identity use player66
2024-07-12 19:24:57,089 - Command: dfx canister call cosmicrafts registerUser '("vfkvkrtoggiq", 12)'
2024-07-12 19:24:57,090 - Output: (
  false,
  principal "oojop-vkr4f-dzoz2-muev3-5xjex-dlt7k-lk7pk-teeaa-hxiti-ruyl2-vqe",
)
2024-07-12 19:24:57,090 - Switching to identity player67
2024-07-12 19:24:57,108 - Command: dfx identity use player67
2024-07-12 19:24:59,246 - Command: dfx canister call cosmicrafts registerUser '("qpxqzsgjjfey", 22)'
2024-07-12 19:24:59,246 - Output: (
  false,
  principal "e44la-ll32g-ohvcx-qkgbn-xdkbh-3nrik-gfs4g-u3jfr-oqukp-3fnkq-sae",
)
2024-07-12 19:24:59,247 - Switching to identity player68
2024-07-12 19:24:59,272 - Command: dfx identity use player68
2024-07-12 19:25:00,497 - Command: dfx canister call cosmicrafts registerUser '("pdzvutnipexm", 31)'
2024-07-12 19:25:00,497 - Output: (
  false,
  principal "exr2t-mhruh-23gtk-zvzmj-3akw6-hcwgw-hkk4a-4tc64-eye6l-t5t74-eae",
)
2024-07-12 19:25:00,498 - Switching to identity player69
2024-07-12 19:25:00,525 - Command: dfx identity use player69
2024-07-12 19:25:02,669 - Command: dfx canister call cosmicrafts registerUser '("mbriettwauxz", 24)'
2024-07-12 19:25:02,669 - Output: (
  false,
  principal "5uzy7-ftu3k-hx5hq-aaytv-g66ie-dmm5w-ayqxv-f3ody-iz5mx-4d5ex-iae",
)
2024-07-12 19:25:02,669 - Switching to identity player70
2024-07-12 19:25:02,682 - Command: dfx identity use player70
2024-07-12 19:25:05,089 - Command: dfx canister call cosmicrafts registerUser '("fqiwfsvvdhmn", 6)'
2024-07-12 19:25:05,090 - Output: (
  false,
  principal "by3oc-jbtti-6yzou-lpq3h-qenn5-odayb-4zdda-i2fcu-3ldbo-twe6r-lae",
)
2024-07-12 19:25:05,090 - Switching to identity player71
2024-07-12 19:25:05,103 - Command: dfx identity use player71
2024-07-12 19:25:07,306 - Command: dfx canister call cosmicrafts registerUser '("ixwcrtkbodmi", 33)'
2024-07-12 19:25:07,306 - Output: (
  false,
  principal "nt3az-wrd7c-frzka-qnya3-fkzwt-cavo4-zl52h-jldyx-nwykg-f75me-rqe",
)
2024-07-12 19:25:07,306 - Switching to identity player72
2024-07-12 19:25:07,331 - Command: dfx identity use player72
2024-07-12 19:25:08,683 - Command: dfx canister call cosmicrafts registerUser '("tvyggznnctmb", 12)'
2024-07-12 19:25:08,683 - Output: (
  false,
  principal "4snye-r67d2-q3vfu-i2eiw-qkmvn-bxxy7-if6jt-t6e2c-7h3x6-r2q4q-yqe",
)
2024-07-12 19:25:08,683 - Switching to identity player73
2024-07-12 19:25:08,710 - Command: dfx identity use player73
2024-07-12 19:25:09,991 - Command: dfx canister call cosmicrafts registerUser '("msdeihifvfdu", 28)'
2024-07-12 19:25:09,991 - Output: (
  false,
  principal "ixdo5-7nky5-rowe5-yc5ag-tt6jq-i7ppu-ln5e6-q4gu6-gp67t-ziqq5-gqe",
)
2024-07-12 19:25:09,992 - Switching to identity player74
2024-07-12 19:25:10,018 - Command: dfx identity use player74
2024-07-12 19:25:11,349 - Command: dfx canister call cosmicrafts registerUser '("wlqppkffwizk", 7)'
2024-07-12 19:25:11,349 - Output: (
  false,
  principal "pz2rx-mxxoo-lt2ug-b53yb-oy7lg-7kxhg-7lg5t-mvuwg-th3g7-2f55b-4qe",
)
2024-07-12 19:25:11,350 - Switching to identity player75
2024-07-12 19:25:11,376 - Command: dfx identity use player75
2024-07-12 19:25:13,541 - Command: dfx canister call cosmicrafts registerUser '("xnypjahtnwsi", 28)'
2024-07-12 19:25:13,541 - Output: (
  false,
  principal "nvtoi-kf2b5-3b76p-mvwqk-4iibi-sjttm-ecy34-ypc27-7a7n4-jmrzw-lqe",
)
2024-07-12 19:25:13,541 - Switching to identity player76
2024-07-12 19:25:13,563 - Command: dfx identity use player76
2024-07-12 19:25:15,941 - Command: dfx canister call cosmicrafts registerUser '("wiusrbktvuxp", 19)'
2024-07-12 19:25:15,942 - Output: (
  false,
  principal "dbzyq-ejmoh-yokeb-xzkw3-d73ew-rl4kj-z652v-fukfg-zw6l6-vzd2u-mae",
)
2024-07-12 19:25:15,942 - Switching to identity player77
2024-07-12 19:25:15,963 - Command: dfx identity use player77
2024-07-12 19:25:17,713 - Command: dfx canister call cosmicrafts registerUser '("cxderskedjfj", 7)'
2024-07-12 19:25:17,713 - Output: (
  false,
  principal "i4jft-nhiy6-x6rkd-satze-s6dfk-gyt5v-wwexj-vse6e-frjjl-cffbe-lae",
)
2024-07-12 19:25:17,713 - Switching to identity player78
2024-07-12 19:25:17,739 - Command: dfx identity use player78
2024-07-12 19:25:18,911 - Command: dfx canister call cosmicrafts registerUser '("qirfglcpaqcz", 5)'
2024-07-12 19:25:18,911 - Output: (
  false,
  principal "neyng-tomhw-7po65-jxbsr-hwn6k-i3rm6-deun3-xsnln-qvxvq-ambxq-uae",
)
2024-07-12 19:25:18,911 - Switching to identity player79
2024-07-12 19:25:18,939 - Command: dfx identity use player79
2024-07-12 19:25:20,353 - Command: dfx canister call cosmicrafts registerUser '("rxeopoavxdhb", 12)'
2024-07-12 19:25:20,354 - Output: (
  false,
  principal "pikpk-fpapd-yp7nw-3mgdr-dgsga-wgrer-o4fmc-rrp75-l5744-6rquo-5ae",
)
2024-07-12 19:25:20,354 - Switching to identity player80
2024-07-12 19:25:20,382 - Command: dfx identity use player80
2024-07-12 19:25:21,533 - Command: dfx canister call cosmicrafts registerUser '("ttgruptpciso", 3)'
2024-07-12 19:25:21,533 - Output: (
  false,
  principal "4citu-gruci-xjjqp-dyppk-rllar-bqgv5-gzsor-soutj-aqruy-bxdmv-2ae",
)
2024-07-12 19:25:21,533 - Switching to identity player81
2024-07-12 19:25:21,547 - Command: dfx identity use player81
2024-07-12 19:25:22,851 - Command: dfx canister call cosmicrafts registerUser '("tfyfwtyhzxcr", 21)'
2024-07-12 19:25:22,851 - Output: (
  false,
  principal "7q4ua-f7z3r-o2tzc-vwf4l-hwmva-5svqw-gq3g2-tvftp-xp2ql-i63vc-4ae",
)
2024-07-12 19:25:22,851 - Switching to identity player82
2024-07-12 19:25:22,875 - Command: dfx identity use player82
2024-07-12 19:25:24,082 - Command: dfx canister call cosmicrafts registerUser '("jftgkdhtntbg", 19)'
2024-07-12 19:25:24,082 - Output: (
  false,
  principal "b5jcj-duhus-ojrqu-sbyln-6rjsa-z7bar-r62ft-qisjo-5zibk-bxza4-vqe",
)
2024-07-12 19:25:24,082 - Switching to identity player83
2024-07-12 19:25:24,088 - Command: dfx identity use player83
2024-07-12 19:25:26,548 - Command: dfx canister call cosmicrafts registerUser '("bfoixzgnejxz", 29)'
2024-07-12 19:25:26,548 - Output: (
  false,
  principal "xmbu5-6iuaa-avixr-5x2sp-saaoh-kkms2-33xuc-xdggh-zbcpj-bxhkq-aqe",
)
2024-07-12 19:25:26,548 - Switching to identity player84
2024-07-12 19:25:26,577 - Command: dfx identity use player84
2024-07-12 19:25:29,420 - Command: dfx canister call cosmicrafts registerUser '("ignhiqdgfjgk", 28)'
2024-07-12 19:25:29,420 - Output: (
  false,
  principal "2a3ql-6ju7a-yafe4-6x5iq-y4ok3-wcja6-v4z2l-h7eo3-iovjg-4cmqi-mae",
)
2024-07-12 19:25:29,421 - Switching to identity player85
2024-07-12 19:25:29,441 - Command: dfx identity use player85
2024-07-12 19:25:30,908 - Command: dfx canister call cosmicrafts registerUser '("gantskzutzvi", 24)'
2024-07-12 19:25:30,908 - Output: (
  false,
  principal "hrypt-bt3pz-ixnzr-ui4za-hom23-7tipn-7loiv-eflao-4uof2-r2mkf-gqe",
)
2024-07-12 19:25:30,909 - Switching to identity player86
2024-07-12 19:25:30,931 - Command: dfx identity use player86
2024-07-12 19:25:32,208 - Command: dfx canister call cosmicrafts registerUser '("dbomujmdpijn", 6)'
2024-07-12 19:25:32,208 - Output: (
  false,
  principal "e427f-ux6qe-ek4bp-qsrof-lfywx-af5yj-cyuow-4kodj-k5lq6-wygmi-dae",
)
2024-07-12 19:25:32,208 - Switching to identity player87
2024-07-12 19:25:32,224 - Command: dfx identity use player87
2024-07-12 19:25:33,960 - Command: dfx canister call cosmicrafts registerUser '("jofmjkndpslh", 12)'
2024-07-12 19:25:33,960 - Output: (
  false,
  principal "w5yvr-tvma4-5f5i3-vdrq5-b7gnc-pqh37-jlwvc-6dhxi-23jgq-anke4-wae",
)
2024-07-12 19:25:33,960 - Switching to identity player88
2024-07-12 19:25:33,980 - Command: dfx identity use player88
2024-07-12 19:25:36,840 - Command: dfx canister call cosmicrafts registerUser '("vnxsdozhhged", 2)'
2024-07-12 19:25:36,840 - Output: (
  false,
  principal "5uiy2-m5rdf-7rja3-b4wda-slrid-icgvp-c3mwh-yddzx-t76mp-pzoav-dae",
)
2024-07-12 19:25:36,841 - Switching to identity player89
2024-07-12 19:25:36,866 - Command: dfx identity use player89
2024-07-12 19:25:38,511 - Command: dfx canister call cosmicrafts registerUser '("karmgddvjsxq", 12)'
2024-07-12 19:25:38,511 - Output: (
  false,
  principal "ea4mz-vss65-mzjv4-2zep3-trohe-y3cki-6k7fp-gqxfh-pv7lw-qkfph-aae",
)
2024-07-12 19:25:38,512 - Switching to identity player90
2024-07-12 19:25:38,534 - Command: dfx identity use player90
2024-07-12 19:25:40,025 - Command: dfx canister call cosmicrafts registerUser '("zrozczxebyma", 2)'
2024-07-12 19:25:40,025 - Output: (
  false,
  principal "qsxnd-ww54a-vguxb-uvxqo-kpmnz-2kqwc-j6glo-tyuu5-j5z7q-cednb-lqe",
)
2024-07-12 19:25:40,025 - Switching to identity player91
2024-07-12 19:25:40,050 - Command: dfx identity use player91
2024-07-12 19:25:41,711 - Command: dfx canister call cosmicrafts registerUser '("kkrmiqyskckp", 1)'
2024-07-12 19:25:41,711 - Output: (
  false,
  principal "z727f-rkhdh-ucn6v-dm7xq-ifovj-pfmau-75hrz-ozcur-x55ko-lascc-4qe",
)
2024-07-12 19:25:41,711 - Switching to identity player92
2024-07-12 19:25:41,740 - Command: dfx identity use player92
2024-07-12 19:25:43,351 - Command: dfx canister call cosmicrafts registerUser '("uodsomeoylbt", 28)'
2024-07-12 19:25:43,352 - Output: (
  false,
  principal "iprah-vtlxj-xsxyz-gn452-bnftf-nsp2d-prwd6-ju26j-ydu6l-xaugf-hqe",
)
2024-07-12 19:25:43,352 - Switching to identity player93
2024-07-12 19:25:43,373 - Command: dfx identity use player93
2024-07-12 19:25:44,986 - Command: dfx canister call cosmicrafts registerUser '("zwrubqhxzlsf", 1)'
2024-07-12 19:25:44,986 - Output: (
  false,
  principal "6rs7v-3jjal-kddii-6gfs4-fw5fs-zrk3b-ssnku-rw45t-vceoo-pz6o2-nae",
)
2024-07-12 19:25:44,986 - Switching to identity player94
2024-07-12 19:25:45,014 - Command: dfx identity use player94
2024-07-12 19:25:46,269 - Command: dfx canister call cosmicrafts registerUser '("knwpeyphmuhr", 8)'
2024-07-12 19:25:46,269 - Output: (
  false,
  principal "4pkzi-2rvow-vwm3g-dtisx-tmo4k-il3fg-nv6cn-rf27p-5asg7-avovw-xqe",
)
2024-07-12 19:25:46,269 - Switching to identity player95
2024-07-12 19:25:46,300 - Command: dfx identity use player95
2024-07-12 19:25:47,590 - Command: dfx canister call cosmicrafts registerUser '("ndvtchfqgjlv", 28)'
2024-07-12 19:25:47,591 - Output: (
  false,
  principal "aqk4t-6iuyr-6mfg7-p7kzb-77x7f-hictk-nfccu-cazey-bzk4j-rpmry-jae",
)
2024-07-12 19:25:47,591 - Switching to identity player96
2024-07-12 19:25:47,619 - Command: dfx identity use player96
2024-07-12 19:25:48,631 - Command: dfx canister call cosmicrafts registerUser '("umwesnlsgwwu", 28)'
2024-07-12 19:25:48,631 - Output: (
  false,
  principal "vdhsb-omuiy-d42va-vhf5z-3qx57-fxnnu-pfpqv-ibs5b-iuvk3-4to2o-qae",
)
2024-07-12 19:25:48,631 - Switching to identity player97
2024-07-12 19:25:48,641 - Command: dfx identity use player97
2024-07-12 19:25:51,005 - Command: dfx canister call cosmicrafts registerUser '("eiihddikxxnu", 13)'
2024-07-12 19:25:51,005 - Output: (
  false,
  principal "53nn5-wxj2t-7n73g-v45qm-7fsbv-mpf7x-ifnlf-p7nnu-p6576-fte3a-rqe",
)
2024-07-12 19:25:51,006 - Switching to identity player98
2024-07-12 19:25:51,034 - Command: dfx identity use player98
2024-07-12 19:25:52,590 - Command: dfx canister call cosmicrafts registerUser '("bisyxyinrofd", 33)'
2024-07-12 19:25:52,590 - Output: (
  false,
  principal "ywiso-mrwo6-rjtb4-acoj7-r27x5-doyky-4qotq-zme63-us4z4-phi6p-kae",
)
2024-07-12 19:25:52,590 - Switching to identity player99
2024-07-12 19:25:52,608 - Command: dfx identity use player99
2024-07-12 19:25:54,155 - Command: dfx canister call cosmicrafts registerUser '("orkoajsnwzfj", 17)'
2024-07-12 19:25:54,155 - Output: (
  false,
  principal "p3fb4-zpw6d-rjjum-jef2h-yc7lq-gfe6w-ortsl-7nel7-3zcgs-vvykw-qae",
)
2024-07-12 19:25:54,155 - Switching to identity player100
2024-07-12 19:25:54,164 - Command: dfx identity use player100
2024-07-12 19:25:55,445 - Command: dfx canister call cosmicrafts registerUser '("vcrvrtdlfsfl", 1)'
2024-07-12 19:25:55,445 - Output: (
  false,
  principal "4edwv-kuisv-uhrfy-7volb-goyfr-ca2qw-pjfqc-27lvu-6fmim-gcsag-4ae",
)
